
=== BOT LOG START 2025-09-25T00:10:46.891Z ===

=== BOT LOG START 2025-09-25T00:11:45.653Z ===

=== BOT LOG START 2025-09-25T00:12:14.418Z ===

=== BOT LOG START 2025-09-25T00:24:30.320Z ===

=== BOT LOG START 2025-09-25T00:24:41.116Z ===

=== BOT LOG START 2025-09-25T00:30:05.665Z ===

=== BOT LOG START 2025-09-25T00:30:15.308Z ===
[sched]	room=cmfy701mf00007kp0h8kpkmny	game=cmfyofell000b7klcalz3fw6m	round=0/15	bots=3	pgIds=4
[sched]	room=cmfy701mf00007kp0h8kpkmny	game=cmfyofell000b7klcalz3fw6m	round=1/15	bots=3	pgIds=4
[sched]	room=cmfy701mf00007kp0h8kpkmny	game=cmfyofell000b7klcalz3fw6m	round=2/15	bots=3	pgIds=4
[sched]	room=cmfy701mf00007kp0h8kpkmny	game=cmfyofell000b7klcalz3fw6m	round=3/15	bots=3	pgIds=4
[sched]	room=cmfy701mf00007kp0h8kpkmny	game=cmfyofell000b7klcalz3fw6m	round=4/15	bots=3	pgIds=4
[sched]	room=cmfy701mf00007kp0h8kpkmny	game=cmfyofell000b7klcalz3fw6m	round=5/15	bots=3	pgIds=4
[sched]	room=cmfy701mf00007kp0h8kpkmny	game=cmfyofell000b7klcalz3fw6m	round=6/15	bots=3	pgIds=4
[sched]	room=cmfy701mf00007kp0h8kpkmny	game=cmfyofell000b7klcalz3fw6m	round=7/15	bots=3	pgIds=4
[sched]	room=cmfy701mf00007kp0h8kpkmny	game=cmfyofell000b7klcalz3fw6m	round=8/15	bots=3	pgIds=4
[sched]	room=cmfy701mf00007kp0h8kpkmny	game=cmfyofell000b7klcalz3fw6m	round=9/15	bots=3	pgIds=4
[sched]	room=cmfy701mf00007kp0h8kpkmny	game=cmfyofell000b7klcalz3fw6m	round=10/15	bots=3	pgIds=4
[sched]	room=cmfy701mf00007kp0h8kpkmny	game=cmfyofell000b7klcalz3fw6m	round=11/15	bots=3	pgIds=4
[sched]	room=cmfy701mf00007kp0h8kpkmny	game=cmfyofell000b7klcalz3fw6m	round=12/15	bots=3	pgIds=4
[sched]	room=cmfy701mf00007kp0h8kpkmny	game=cmfyofell000b7klcalz3fw6m	round=13/15	bots=3	pgIds=4
[sched]	room=cmfy701mf00007kp0h8kpkmny	game=cmfyofell000b7klcalz3fw6m	round=14/15	bots=3	pgIds=4
[sched]	room=cmfy701mf00007kp0h8kpkmny	game=cmfyolcpl003e7klc03vzo3v6	round=0/15	bots=3	pgIds=4
[sched]	room=cmfy701mf00007kp0h8kpkmny	game=cmfyolcpl003e7klc03vzo3v6	round=1/15	bots=3	pgIds=4
[sched]	room=cmfy701mf00007kp0h8kpkmny	game=cmfyolcpl003e7klc03vzo3v6	round=2/15	bots=3	pgIds=4
[sched]	room=cmfy701mf00007kp0h8kpkmny	game=cmfyolcpl003e7klc03vzo3v6	round=3/15	bots=3	pgIds=4
[sched]	room=cmfy701mf00007kp0h8kpkmny	game=cmfyolcpl003e7klc03vzo3v6	round=4/15	bots=3	pgIds=4
[sched]	room=cmfy701mf00007kp0h8kpkmny	game=cmfyolcpl003e7klc03vzo3v6	round=5/15	bots=3	pgIds=4
[sched]	room=cmfy701mf00007kp0h8kpkmny	game=cmfyolcpl003e7klc03vzo3v6	round=6/15	bots=3	pgIds=4
[sched]	room=cmfy701mf00007kp0h8kpkmny	game=cmfyolcpl003e7klc03vzo3v6	round=7/15	bots=3	pgIds=4
[sched]	room=cmfy701mf00007kp0h8kpkmny	game=cmfyolcpl003e7klc03vzo3v6	round=8/15	bots=3	pgIds=4
[sched]	room=cmfy701mf00007kp0h8kpkmny	game=cmfyolcpl003e7klc03vzo3v6	round=9/15	bots=3	pgIds=4
[sched]	room=cmfy701mf00007kp0h8kpkmny	game=cmfyolcpl003e7klc03vzo3v6	round=10/15	bots=3	pgIds=4
[sched]	room=cmfy701mf00007kp0h8kpkmny	game=cmfyolcpl003e7klc03vzo3v6	round=11/15	bots=3	pgIds=4

=== BOT LOG START 2025-09-25T00:39:26.134Z ===

=== BOT LOG START 2025-09-25T00:39:34.541Z ===
[sched]	room=cmfy701mf00007kp0h8kpkmny	game=cmfyoreqx000b7k80ml0g15fc	round=0/15	bots=3	pgIds=4
[drop]	pg=cmfyorer6000h7k80vieks6tu	name=Pixelman	reason=already-answered
[drop]	pg=cmfyorer8000j7k80kbspyafy	name=Emma_92	reason=already-answered
[drop]	pg=cmfyorer5000f7k80gtn6a7z3	name=Clara_Bdx	reason=already-answered
[sched]	room=cmfy701mf00007kp0h8kpkmny	game=cmfyoreqx000b7k80ml0g15fc	round=1/15	bots=3	pgIds=4
[drop]	pg=cmfyorer6000h7k80vieks6tu	name=Pixelman	reason=already-answered
[drop]	pg=cmfyorer8000j7k80kbspyafy	name=Emma_92	reason=already-answered
[drop]	pg=cmfyorer5000f7k80gtn6a7z3	name=Clara_Bdx	reason=already-answered
[sched]	room=cmfy701mf00007kp0h8kpkmny	game=cmfyoreqx000b7k80ml0g15fc	round=2/15	bots=3	pgIds=4
[drop]	pg=cmfyorer6000h7k80vieks6tu	name=Pixelman	reason=already-answered
[drop]	pg=cmfyorer5000f7k80gtn6a7z3	name=Clara_Bdx	reason=already-answered
[drop]	pg=cmfyorer8000j7k80kbspyafy	name=Emma_92	reason=already-answered
[sched]	room=cmfy701mf00007kp0h8kpkmny	game=cmfyoreqx000b7k80ml0g15fc	round=3/15	bots=3	pgIds=4
[drop]	pg=cmfyorer6000h7k80vieks6tu	name=Pixelman	reason=already-answered
[drop]	pg=cmfyorer8000j7k80kbspyafy	name=Emma_92	reason=already-answered
[drop]	pg=cmfyorer5000f7k80gtn6a7z3	name=Clara_Bdx	reason=already-answered
[sched]	room=cmfy701mf00007kp0h8kpkmny	game=cmfyoreqx000b7k80ml0g15fc	round=4/15	bots=3	pgIds=4
[drop]	pg=cmfyorer8000j7k80kbspyafy	name=Emma_92	reason=already-answered
[drop]	pg=cmfyorer5000f7k80gtn6a7z3	name=Clara_Bdx	reason=already-answered
[drop]	pg=cmfyorer6000h7k80vieks6tu	name=Pixelman	reason=already-answered
[sched]	room=cmfy701mf00007kp0h8kpkmny	game=cmfyoreqx000b7k80ml0g15fc	round=5/15	bots=3	pgIds=4
[drop]	pg=cmfyorer8000j7k80kbspyafy	name=Emma_92	reason=already-answered
[drop]	pg=cmfyorer6000h7k80vieks6tu	name=Pixelman	reason=already-answered
[drop]	pg=cmfyorer5000f7k80gtn6a7z3	name=Clara_Bdx	reason=already-answered
[sched]	room=cmfy701mf00007kp0h8kpkmny	game=cmfyoreqx000b7k80ml0g15fc	round=6/15	bots=3	pgIds=4
[drop]	pg=cmfyorer6000h7k80vieks6tu	name=Pixelman	reason=already-answered
[drop]	pg=cmfyorer8000j7k80kbspyafy	name=Emma_92	reason=already-answered
[drop]	pg=cmfyorer5000f7k80gtn6a7z3	name=Clara_Bdx	reason=already-answered
[sched]	room=cmfy701mf00007kp0h8kpkmny	game=cmfyoreqx000b7k80ml0g15fc	round=7/15	bots=3	pgIds=4
[drop]	pg=cmfyorer6000h7k80vieks6tu	name=Pixelman	reason=already-answered
[drop]	pg=cmfyorer8000j7k80kbspyafy	name=Emma_92	reason=already-answered
[drop]	pg=cmfyorer5000f7k80gtn6a7z3	name=Clara_Bdx	reason=already-answered
[sched]	room=cmfy701mf00007kp0h8kpkmny	game=cmfyoreqx000b7k80ml0g15fc	round=8/15	bots=3	pgIds=4
[drop]	pg=cmfyorer6000h7k80vieks6tu	name=Pixelman	reason=already-answered
[drop]	pg=cmfyorer8000j7k80kbspyafy	name=Emma_92	reason=already-answered
[drop]	pg=cmfyorer5000f7k80gtn6a7z3	name=Clara_Bdx	reason=already-answered
[sched]	room=cmfy701mf00007kp0h8kpkmny	game=cmfyoreqx000b7k80ml0g15fc	round=9/15	bots=3	pgIds=4
[drop]	pg=cmfyorer6000h7k80vieks6tu	name=Pixelman	reason=already-answered
[drop]	pg=cmfyorer8000j7k80kbspyafy	name=Emma_92	reason=already-answered
[drop]	pg=cmfyorer5000f7k80gtn6a7z3	name=Clara_Bdx	reason=already-answered
[sched]	room=cmfy701mf00007kp0h8kpkmny	game=cmfyoreqx000b7k80ml0g15fc	round=10/15	bots=3	pgIds=4
[drop]	pg=cmfyorer6000h7k80vieks6tu	name=Pixelman	reason=already-answered
[drop]	pg=cmfyorer5000f7k80gtn6a7z3	name=Clara_Bdx	reason=already-answered
[drop]	pg=cmfyorer8000j7k80kbspyafy	name=Emma_92	reason=already-answered
[sched]	room=cmfy701mf00007kp0h8kpkmny	game=cmfyoreqx000b7k80ml0g15fc	round=11/15	bots=3	pgIds=4
[drop]	pg=cmfyorer6000h7k80vieks6tu	name=Pixelman	reason=already-answered
[drop]	pg=cmfyorer5000f7k80gtn6a7z3	name=Clara_Bdx	reason=already-answered
[drop]	pg=cmfyorer8000j7k80kbspyafy	name=Emma_92	reason=already-answered
[sched]	room=cmfy701mf00007kp0h8kpkmny	game=cmfyoreqx000b7k80ml0g15fc	round=12/15	bots=3	pgIds=4
[drop]	pg=cmfyorer6000h7k80vieks6tu	name=Pixelman	reason=already-answered
[drop]	pg=cmfyorer8000j7k80kbspyafy	name=Emma_92	reason=already-answered
[drop]	pg=cmfyorer5000f7k80gtn6a7z3	name=Clara_Bdx	reason=already-answered
[sched]	room=cmfy701mf00007kp0h8kpkmny	game=cmfyoreqx000b7k80ml0g15fc	round=13/15	bots=3	pgIds=4
[drop]	pg=cmfyorer6000h7k80vieks6tu	name=Pixelman	reason=already-answered
[drop]	pg=cmfyorer5000f7k80gtn6a7z3	name=Clara_Bdx	reason=already-answered
[drop]	pg=cmfyorer8000j7k80kbspyafy	name=Emma_92	reason=already-answered
[sched]	room=cmfy701mf00007kp0h8kpkmny	game=cmfyoreqx000b7k80ml0g15fc	round=14/15	bots=3	pgIds=4
[drop]	pg=cmfyorer6000h7k80vieks6tu	name=Pixelman	reason=already-answered
[drop]	pg=cmfyorer5000f7k80gtn6a7z3	name=Clara_Bdx	reason=already-answered
[drop]	pg=cmfyorer8000j7k80kbspyafy	name=Emma_92	reason=already-answered
[sched]	room=cmfy701mf00007kp0h8kpkmny	game=cmfyoxcu2003i7k80kyfqpfyj	round=0/15	bots=3	pgIds=4
[drop]	pg=cmfyoxcu8003o7k8053wiasz5	name=Pixelman	reason=already-answered
[drop]	pg=cmfyoxcu9003q7k80pb8cii8v	name=Emma_92	reason=already-answered
[drop]	pg=cmfyoxcu6003m7k80anbmq9sl	name=Clara_Bdx	reason=already-answered
[sched]	room=cmfy701mf00007kp0h8kpkmny	game=cmfyoxcu2003i7k80kyfqpfyj	round=1/15	bots=3	pgIds=4
[drop]	pg=cmfyoxcu8003o7k8053wiasz5	name=Pixelman	reason=already-answered
[drop]	pg=cmfyoxcu6003m7k80anbmq9sl	name=Clara_Bdx	reason=already-answered
[drop]	pg=cmfyoxcu9003q7k80pb8cii8v	name=Emma_92	reason=already-answered
[sched]	room=cmfy701mf00007kp0h8kpkmny	game=cmfyoxcu2003i7k80kyfqpfyj	round=2/15	bots=3	pgIds=4
[drop]	pg=cmfyoxcu9003q7k80pb8cii8v	name=Emma_92	reason=already-answered
[drop]	pg=cmfyoxcu8003o7k8053wiasz5	name=Pixelman	reason=already-answered
[drop]	pg=cmfyoxcu6003m7k80anbmq9sl	name=Clara_Bdx	reason=already-answered
[sched]	room=cmfy701mf00007kp0h8kpkmny	game=cmfyoxcu2003i7k80kyfqpfyj	round=3/15	bots=3	pgIds=4
[drop]	pg=cmfyoxcu8003o7k8053wiasz5	name=Pixelman	reason=already-answered
[drop]	pg=cmfyoxcu9003q7k80pb8cii8v	name=Emma_92	reason=already-answered
[drop]	pg=cmfyoxcu6003m7k80anbmq9sl	name=Clara_Bdx	reason=already-answered
[sched]	room=cmfy701mf00007kp0h8kpkmny	game=cmfyoxcu2003i7k80kyfqpfyj	round=4/15	bots=3	pgIds=4

=== BOT LOG START 2025-09-25T00:45:55.191Z ===

=== BOT LOG START 2025-09-25T00:46:04.175Z ===
[sched]	room=cmfy701mf00007kp0h8kpkmny	game=cmfyozy7s000b7kdotn1mb2c4	round=0/15	bots=3	pgIds=4
[drop]	pg=cmfyozy82000j7kdom8b3nlh1	name=Emma_92	reason=already-answered
[drop]	pg=cmfyozy81000h7kdoldw8zg3b	name=Pixelman	reason=already-answered
[drop]	pg=cmfyozy7z000f7kdoagh6axi5	name=Clara_Bdx	reason=already-answered
[sched]	room=cmfy701mf00007kp0h8kpkmny	game=cmfyozy7s000b7kdotn1mb2c4	round=1/15	bots=3	pgIds=4
[drop]	pg=cmfyozy81000h7kdoldw8zg3b	name=Pixelman	reason=already-answered
[drop]	pg=cmfyozy7z000f7kdoagh6axi5	name=Clara_Bdx	reason=already-answered
[drop]	pg=cmfyozy82000j7kdom8b3nlh1	name=Emma_92	reason=already-answered
[sched]	room=cmfy701mf00007kp0h8kpkmny	game=cmfyozy7s000b7kdotn1mb2c4	round=2/15	bots=3	pgIds=4
[drop]	pg=cmfyozy7z000f7kdoagh6axi5	name=Clara_Bdx	reason=already-answered
[drop]	pg=cmfyozy81000h7kdoldw8zg3b	name=Pixelman	reason=already-answered
[drop]	pg=cmfyozy82000j7kdom8b3nlh1	name=Emma_92	reason=already-answered
[sched]	room=cmfy701mf00007kp0h8kpkmny	game=cmfyozy7s000b7kdotn1mb2c4	round=3/15	bots=3	pgIds=4
[drop]	pg=cmfyozy81000h7kdoldw8zg3b	name=Pixelman	reason=already-answered
[drop]	pg=cmfyozy82000j7kdom8b3nlh1	name=Emma_92	reason=already-answered
[drop]	pg=cmfyozy7z000f7kdoagh6axi5	name=Clara_Bdx	reason=already-answered
[sched]	room=cmfy701mf00007kp0h8kpkmny	game=cmfyozy7s000b7kdotn1mb2c4	round=4/15	bots=3	pgIds=4
[drop]	pg=cmfyozy81000h7kdoldw8zg3b	name=Pixelman	reason=already-answered
[drop]	pg=cmfyozy82000j7kdom8b3nlh1	name=Emma_92	reason=already-answered
[drop]	pg=cmfyozy7z000f7kdoagh6axi5	name=Clara_Bdx	reason=already-answered
[sched]	room=cmfy701mf00007kp0h8kpkmny	game=cmfyozy7s000b7kdotn1mb2c4	round=5/15	bots=3	pgIds=4
[drop]	pg=cmfyozy82000j7kdom8b3nlh1	name=Emma_92	reason=already-answered
[drop]	pg=cmfyozy81000h7kdoldw8zg3b	name=Pixelman	reason=already-answered
[drop]	pg=cmfyozy7z000f7kdoagh6axi5	name=Clara_Bdx	reason=already-answered
[sched]	room=cmfy701mf00007kp0h8kpkmny	game=cmfyozy7s000b7kdotn1mb2c4	round=6/15	bots=3	pgIds=4
[drop]	pg=cmfyozy82000j7kdom8b3nlh1	name=Emma_92	reason=already-answered
[drop]	pg=cmfyozy81000h7kdoldw8zg3b	name=Pixelman	reason=already-answered
[drop]	pg=cmfyozy7z000f7kdoagh6axi5	name=Clara_Bdx	reason=already-answered
[sched]	room=cmfy701mf00007kp0h8kpkmny	game=cmfyozy7s000b7kdotn1mb2c4	round=7/15	bots=3	pgIds=4
[drop]	pg=cmfyozy81000h7kdoldw8zg3b	name=Pixelman	reason=already-answered
[drop]	pg=cmfyozy7z000f7kdoagh6axi5	name=Clara_Bdx	reason=already-answered
[drop]	pg=cmfyozy82000j7kdom8b3nlh1	name=Emma_92	reason=already-answered
[sched]	room=cmfy701mf00007kp0h8kpkmny	game=cmfyozy7s000b7kdotn1mb2c4	round=8/15	bots=3	pgIds=4
[drop]	pg=cmfyozy81000h7kdoldw8zg3b	name=Pixelman	reason=already-answered
[drop]	pg=cmfyozy82000j7kdom8b3nlh1	name=Emma_92	reason=already-answered
[drop]	pg=cmfyozy7z000f7kdoagh6axi5	name=Clara_Bdx	reason=already-answered
[sched]	room=cmfy701mf00007kp0h8kpkmny	game=cmfyozy7s000b7kdotn1mb2c4	round=9/15	bots=3	pgIds=4
[drop]	pg=cmfyozy81000h7kdoldw8zg3b	name=Pixelman	reason=already-answered
[drop]	pg=cmfyozy82000j7kdom8b3nlh1	name=Emma_92	reason=already-answered
[drop]	pg=cmfyozy7z000f7kdoagh6axi5	name=Clara_Bdx	reason=already-answered
[sched]	room=cmfy701mf00007kp0h8kpkmny	game=cmfyozy7s000b7kdotn1mb2c4	round=10/15	bots=3	pgIds=4
[drop]	pg=cmfyozy81000h7kdoldw8zg3b	name=Pixelman	reason=already-answered
[drop]	pg=cmfyozy82000j7kdom8b3nlh1	name=Emma_92	reason=already-answered
[drop]	pg=cmfyozy7z000f7kdoagh6axi5	name=Clara_Bdx	reason=already-answered
[sched]	room=cmfy701mf00007kp0h8kpkmny	game=cmfyozy7s000b7kdotn1mb2c4	round=11/15	bots=3	pgIds=4
[drop]	pg=cmfyozy81000h7kdoldw8zg3b	name=Pixelman	reason=already-answered
[drop]	pg=cmfyozy82000j7kdom8b3nlh1	name=Emma_92	reason=already-answered
[drop]	pg=cmfyozy7z000f7kdoagh6axi5	name=Clara_Bdx	reason=already-answered
[sched]	room=cmfy701mf00007kp0h8kpkmny	game=cmfyozy7s000b7kdotn1mb2c4	round=12/15	bots=3	pgIds=4
[drop]	pg=cmfyozy81000h7kdoldw8zg3b	name=Pixelman	reason=already-answered
[drop]	pg=cmfyozy7z000f7kdoagh6axi5	name=Clara_Bdx	reason=already-answered
[drop]	pg=cmfyozy82000j7kdom8b3nlh1	name=Emma_92	reason=already-answered
[sched]	room=cmfy701mf00007kp0h8kpkmny	game=cmfyozy7s000b7kdotn1mb2c4	round=13/15	bots=3	pgIds=4
[drop]	pg=cmfyozy82000j7kdom8b3nlh1	name=Emma_92	reason=already-answered
[drop]	pg=cmfyozy81000h7kdoldw8zg3b	name=Pixelman	reason=already-answered
[drop]	pg=cmfyozy7z000f7kdoagh6axi5	name=Clara_Bdx	reason=already-answered
[sched]	room=cmfy701mf00007kp0h8kpkmny	game=cmfyozy7s000b7kdotn1mb2c4	round=14/15	bots=3	pgIds=4
[drop]	pg=cmfyozy81000h7kdoldw8zg3b	name=Pixelman	reason=already-answered
[drop]	pg=cmfyozy7z000f7kdoagh6axi5	name=Clara_Bdx	reason=already-answered
[drop]	pg=cmfyozy82000j7kdom8b3nlh1	name=Emma_92	reason=already-answered
[sched]	room=cmfy701mf00007kp0h8kpkmny	game=cmfyp5wb9003g7kdoiuflh2nl	round=0/15	bots=3	pgIds=4
[drop]	pg=cmfyp5wbe003m7kdosi4n14bh	name=Pixelman	reason=already-answered
[drop]	pg=cmfyp5wbd003k7kdoo7g8qiep	name=Clara_Bdx	reason=already-answered
[drop]	pg=cmfyp5wbf003o7kdo0q7t7y5g	name=Emma_92	reason=already-answered
[sched]	room=cmfy701mf00007kp0h8kpkmny	game=cmfyp5wb9003g7kdoiuflh2nl	round=1/15	bots=3	pgIds=4
[drop]	pg=cmfyp5wbe003m7kdosi4n14bh	name=Pixelman	reason=already-answered
[drop]	pg=cmfyp5wbf003o7kdo0q7t7y5g	name=Emma_92	reason=already-answered
[drop]	pg=cmfyp5wbd003k7kdoo7g8qiep	name=Clara_Bdx	reason=already-answered
[sched]	room=cmfy701mf00007kp0h8kpkmny	game=cmfyp5wb9003g7kdoiuflh2nl	round=2/15	bots=3	pgIds=4
[drop]	pg=cmfyp5wbe003m7kdosi4n14bh	name=Pixelman	reason=already-answered
[drop]	pg=cmfyp5wbd003k7kdoo7g8qiep	name=Clara_Bdx	reason=already-answered
[drop]	pg=cmfyp5wbf003o7kdo0q7t7y5g	name=Emma_92	reason=already-answered
[sched]	room=cmfy701mf00007kp0h8kpkmny	game=cmfyp5wb9003g7kdoiuflh2nl	round=3/15	bots=3	pgIds=4
[drop]	pg=cmfyp5wbe003m7kdosi4n14bh	name=Pixelman	reason=already-answered
[drop]	pg=cmfyp5wbf003o7kdo0q7t7y5g	name=Emma_92	reason=already-answered
[drop]	pg=cmfyp5wbd003k7kdoo7g8qiep	name=Clara_Bdx	reason=already-answered
[sched]	room=cmfy701mf00007kp0h8kpkmny	game=cmfyp5wb9003g7kdoiuflh2nl	round=4/15	bots=3	pgIds=4
[drop]	pg=cmfyp5wbe003m7kdosi4n14bh	name=Pixelman	reason=already-answered
[drop]	pg=cmfyp5wbf003o7kdo0q7t7y5g	name=Emma_92	reason=already-answered
[drop]	pg=cmfyp5wbd003k7kdoo7g8qiep	name=Clara_Bdx	reason=already-answered
[sched]	room=cmfy701mf00007kp0h8kpkmny	game=cmfyp5wb9003g7kdoiuflh2nl	round=5/15	bots=3	pgIds=4
[drop]	pg=cmfyp5wbe003m7kdosi4n14bh	name=Pixelman	reason=already-answered
[drop]	pg=cmfyp5wbf003o7kdo0q7t7y5g	name=Emma_92	reason=already-answered
[drop]	pg=cmfyp5wbd003k7kdoo7g8qiep	name=Clara_Bdx	reason=already-answered
[sched]	room=cmfy701mf00007kp0h8kpkmny	game=cmfyp5wb9003g7kdoiuflh2nl	round=6/15	bots=3	pgIds=4
[drop]	pg=cmfyp5wbe003m7kdosi4n14bh	name=Pixelman	reason=already-answered
[drop]	pg=cmfyp5wbd003k7kdoo7g8qiep	name=Clara_Bdx	reason=already-answered
[drop]	pg=cmfyp5wbf003o7kdo0q7t7y5g	name=Emma_92	reason=already-answered
[sched]	room=cmfy701mf00007kp0h8kpkmny	game=cmfyp5wb9003g7kdoiuflh2nl	round=7/15	bots=3	pgIds=4
[drop]	pg=cmfyp5wbe003m7kdosi4n14bh	name=Pixelman	reason=already-answered
[drop]	pg=cmfyp5wbd003k7kdoo7g8qiep	name=Clara_Bdx	reason=already-answered
[drop]	pg=cmfyp5wbf003o7kdo0q7t7y5g	name=Emma_92	reason=already-answered
[sched]	room=cmfy701mf00007kp0h8kpkmny	game=cmfyp5wb9003g7kdoiuflh2nl	round=8/15	bots=3	pgIds=4
[drop]	pg=cmfyp5wbe003m7kdosi4n14bh	name=Pixelman	reason=already-answered
[drop]	pg=cmfyp5wbf003o7kdo0q7t7y5g	name=Emma_92	reason=already-answered
[drop]	pg=cmfyp5wbd003k7kdoo7g8qiep	name=Clara_Bdx	reason=already-answered
[sched]	room=cmfy701mf00007kp0h8kpkmny	game=cmfyp5wb9003g7kdoiuflh2nl	round=9/15	bots=3	pgIds=4
[drop]	pg=cmfyp5wbe003m7kdosi4n14bh	name=Pixelman	reason=already-answered
[drop]	pg=cmfyp5wbf003o7kdo0q7t7y5g	name=Emma_92	reason=already-answered
[drop]	pg=cmfyp5wbd003k7kdoo7g8qiep	name=Clara_Bdx	reason=already-answered
[sched]	room=cmfy701mf00007kp0h8kpkmny	game=cmfyp5wb9003g7kdoiuflh2nl	round=10/15	bots=3	pgIds=4
[drop]	pg=cmfyp5wbe003m7kdosi4n14bh	name=Pixelman	reason=already-answered
[drop]	pg=cmfyp5wbd003k7kdoo7g8qiep	name=Clara_Bdx	reason=already-answered
[drop]	pg=cmfyp5wbf003o7kdo0q7t7y5g	name=Emma_92	reason=already-answered
[sched]	room=cmfy701mf00007kp0h8kpkmny	game=cmfyp5wb9003g7kdoiuflh2nl	round=11/15	bots=3	pgIds=4
[drop]	pg=cmfyp5wbf003o7kdo0q7t7y5g	name=Emma_92	reason=already-answered
[drop]	pg=cmfyp5wbd003k7kdoo7g8qiep	name=Clara_Bdx	reason=already-answered
[drop]	pg=cmfyp5wbe003m7kdosi4n14bh	name=Pixelman	reason=already-answered
[sched]	room=cmfy701mf00007kp0h8kpkmny	game=cmfyp5wb9003g7kdoiuflh2nl	round=12/15	bots=3	pgIds=4
[drop]	pg=cmfyp5wbe003m7kdosi4n14bh	name=Pixelman	reason=already-answered
[drop]	pg=cmfyp5wbf003o7kdo0q7t7y5g	name=Emma_92	reason=already-answered
[drop]	pg=cmfyp5wbd003k7kdoo7g8qiep	name=Clara_Bdx	reason=already-answered
[sched]	room=cmfy701mf00007kp0h8kpkmny	game=cmfyp5wb9003g7kdoiuflh2nl	round=13/15	bots=3	pgIds=4
[drop]	pg=cmfyp5wbe003m7kdosi4n14bh	name=Pixelman	reason=already-answered
[drop]	pg=cmfyp5wbf003o7kdo0q7t7y5g	name=Emma_92	reason=already-answered
[drop]	pg=cmfyp5wbd003k7kdoo7g8qiep	name=Clara_Bdx	reason=already-answered
[sched]	room=cmfy701mf00007kp0h8kpkmny	game=cmfyp5wb9003g7kdoiuflh2nl	round=14/15	bots=3	pgIds=4
[drop]	pg=cmfyp5wbe003m7kdosi4n14bh	name=Pixelman	reason=already-answered
[drop]	pg=cmfyp5wbf003o7kdo0q7t7y5g	name=Emma_92	reason=already-answered
[drop]	pg=cmfyp5wbd003k7kdoo7g8qiep	name=Clara_Bdx	reason=already-answered
[sched]	room=cmfy701mf00007kp0h8kpkmny	game=cmfypbufx006h7kdok3oueecb	round=0/15	bots=3	pgIds=4
[drop]	pg=cmfypbug3006n7kdoa29z1hdc	name=Pixelman	reason=already-answered
[drop]	pg=cmfypbug2006l7kdo2wszb522	name=Clara_Bdx	reason=already-answered
[drop]	pg=cmfypbug4006p7kdolh0tcogw	name=Emma_92	reason=already-answered
[sched]	room=cmfy701mf00007kp0h8kpkmny	game=cmfypbufx006h7kdok3oueecb	round=1/15	bots=3	pgIds=4
[drop]	pg=cmfypbug4006p7kdolh0tcogw	name=Emma_92	reason=already-answered
[drop]	pg=cmfypbug3006n7kdoa29z1hdc	name=Pixelman	reason=already-answered
[drop]	pg=cmfypbug2006l7kdo2wszb522	name=Clara_Bdx	reason=already-answered
[sched]	room=cmfy701mf00007kp0h8kpkmny	game=cmfypbufx006h7kdok3oueecb	round=2/15	bots=3	pgIds=4
[drop]	pg=cmfypbug3006n7kdoa29z1hdc	name=Pixelman	reason=already-answered
[drop]	pg=cmfypbug4006p7kdolh0tcogw	name=Emma_92	reason=already-answered
[drop]	pg=cmfypbug2006l7kdo2wszb522	name=Clara_Bdx	reason=already-answered
[sched]	room=cmfy701mf00007kp0h8kpkmny	game=cmfypbufx006h7kdok3oueecb	round=3/15	bots=3	pgIds=4
[drop]	pg=cmfypbug3006n7kdoa29z1hdc	name=Pixelman	reason=already-answered
[drop]	pg=cmfypbug2006l7kdo2wszb522	name=Clara_Bdx	reason=already-answered
[drop]	pg=cmfypbug4006p7kdolh0tcogw	name=Emma_92	reason=already-answered
[sched]	room=cmfy701mf00007kp0h8kpkmny	game=cmfypbufx006h7kdok3oueecb	round=4/15	bots=3	pgIds=4
[drop]	pg=cmfypbug3006n7kdoa29z1hdc	name=Pixelman	reason=already-answered
[drop]	pg=cmfypbug4006p7kdolh0tcogw	name=Emma_92	reason=already-answered
[drop]	pg=cmfypbug2006l7kdo2wszb522	name=Clara_Bdx	reason=already-answered
[sched]	room=cmfy701mf00007kp0h8kpkmny	game=cmfypbufx006h7kdok3oueecb	round=5/15	bots=3	pgIds=4
[drop]	pg=cmfypbug3006n7kdoa29z1hdc	name=Pixelman	reason=already-answered
[drop]	pg=cmfypbug4006p7kdolh0tcogw	name=Emma_92	reason=already-answered
[drop]	pg=cmfypbug2006l7kdo2wszb522	name=Clara_Bdx	reason=already-answered
[sched]	room=cmfy701mf00007kp0h8kpkmny	game=cmfypbufx006h7kdok3oueecb	round=6/15	bots=3	pgIds=4
[drop]	pg=cmfypbug3006n7kdoa29z1hdc	name=Pixelman	reason=already-answered
[drop]	pg=cmfypbug4006p7kdolh0tcogw	name=Emma_92	reason=already-answered
[drop]	pg=cmfypbug2006l7kdo2wszb522	name=Clara_Bdx	reason=already-answered
[sched]	room=cmfy701mf00007kp0h8kpkmny	game=cmfypbufx006h7kdok3oueecb	round=7/15	bots=3	pgIds=4
[drop]	pg=cmfypbug3006n7kdoa29z1hdc	name=Pixelman	reason=already-answered
[drop]	pg=cmfypbug2006l7kdo2wszb522	name=Clara_Bdx	reason=already-answered
[drop]	pg=cmfypbug4006p7kdolh0tcogw	name=Emma_92	reason=already-answered
[sched]	room=cmfy701mf00007kp0h8kpkmny	game=cmfypbufx006h7kdok3oueecb	round=8/15	bots=3	pgIds=4
[drop]	pg=cmfypbug3006n7kdoa29z1hdc	name=Pixelman	reason=already-answered
[drop]	pg=cmfypbug4006p7kdolh0tcogw	name=Emma_92	reason=already-answered
[drop]	pg=cmfypbug2006l7kdo2wszb522	name=Clara_Bdx	reason=already-answered
[sched]	room=cmfy701mf00007kp0h8kpkmny	game=cmfypbufx006h7kdok3oueecb	round=9/15	bots=3	pgIds=4
[drop]	pg=cmfypbug3006n7kdoa29z1hdc	name=Pixelman	reason=already-answered
[drop]	pg=cmfypbug4006p7kdolh0tcogw	name=Emma_92	reason=already-answered
[drop]	pg=cmfypbug2006l7kdo2wszb522	name=Clara_Bdx	reason=already-answered
[sched]	room=cmfy701mf00007kp0h8kpkmny	game=cmfypbufx006h7kdok3oueecb	round=10/15	bots=3	pgIds=4
[drop]	pg=cmfypbug3006n7kdoa29z1hdc	name=Pixelman	reason=already-answered
[drop]	pg=cmfypbug2006l7kdo2wszb522	name=Clara_Bdx	reason=already-answered
[drop]	pg=cmfypbug4006p7kdolh0tcogw	name=Emma_92	reason=already-answered
[sched]	room=cmfy701mf00007kp0h8kpkmny	game=cmfypbufx006h7kdok3oueecb	round=11/15	bots=3	pgIds=4
[drop]	pg=cmfypbug3006n7kdoa29z1hdc	name=Pixelman	reason=already-answered
[drop]	pg=cmfypbug2006l7kdo2wszb522	name=Clara_Bdx	reason=already-answered
[drop]	pg=cmfypbug4006p7kdolh0tcogw	name=Emma_92	reason=already-answered
[sched]	room=cmfy701mf00007kp0h8kpkmny	game=cmfypbufx006h7kdok3oueecb	round=12/15	bots=3	pgIds=4
[drop]	pg=cmfypbug3006n7kdoa29z1hdc	name=Pixelman	reason=already-answered
[drop]	pg=cmfypbug2006l7kdo2wszb522	name=Clara_Bdx	reason=already-answered
[drop]	pg=cmfypbug4006p7kdolh0tcogw	name=Emma_92	reason=already-answered
[sched]	room=cmfy701mf00007kp0h8kpkmny	game=cmfypbufx006h7kdok3oueecb	round=13/15	bots=3	pgIds=4
[drop]	pg=cmfypbug4006p7kdolh0tcogw	name=Emma_92	reason=already-answered
[drop]	pg=cmfypbug3006n7kdoa29z1hdc	name=Pixelman	reason=already-answered
[drop]	pg=cmfypbug2006l7kdo2wszb522	name=Clara_Bdx	reason=already-answered
[sched]	room=cmfy701mf00007kp0h8kpkmny	game=cmfypbufx006h7kdok3oueecb	round=14/15	bots=3	pgIds=4
[drop]	pg=cmfypbug4006p7kdolh0tcogw	name=Emma_92	reason=already-answered
[drop]	pg=cmfypbug3006n7kdoa29z1hdc	name=Pixelman	reason=already-answered
[drop]	pg=cmfypbug2006l7kdo2wszb522	name=Clara_Bdx	reason=already-answered
[sched]	room=cmfy701mf00007kp0h8kpkmny	game=cmfyphskk009i7kdo2pa91u73	round=0/15	bots=3	pgIds=4
[drop]	pg=cmfyphskp009q7kdo1vfrucvz	name=Emma_92	reason=already-answered
[drop]	pg=cmfyphsko009o7kdo1g53vr4p	name=Pixelman	reason=already-answered
[drop]	pg=cmfyphskn009m7kdo1vtxlfps	name=Clara_Bdx	reason=already-answered
[sched]	room=cmfy701mf00007kp0h8kpkmny	game=cmfyphskk009i7kdo2pa91u73	round=1/15	bots=3	pgIds=4
[drop]	pg=cmfyphsko009o7kdo1g53vr4p	name=Pixelman	reason=already-answered
[drop]	pg=cmfyphskn009m7kdo1vtxlfps	name=Clara_Bdx	reason=already-answered
[drop]	pg=cmfyphskp009q7kdo1vfrucvz	name=Emma_92	reason=already-answered
[sched]	room=cmfy701mf00007kp0h8kpkmny	game=cmfyphskk009i7kdo2pa91u73	round=2/15	bots=3	pgIds=4
[drop]	pg=cmfyphskp009q7kdo1vfrucvz	name=Emma_92	reason=already-answered
[drop]	pg=cmfyphsko009o7kdo1g53vr4p	name=Pixelman	reason=already-answered
[drop]	pg=cmfyphskn009m7kdo1vtxlfps	name=Clara_Bdx	reason=already-answered
[sched]	room=cmfy701mf00007kp0h8kpkmny	game=cmfyphskk009i7kdo2pa91u73	round=3/15	bots=3	pgIds=4
[drop]	pg=cmfyphsko009o7kdo1g53vr4p	name=Pixelman	reason=already-answered
[drop]	pg=cmfyphskp009q7kdo1vfrucvz	name=Emma_92	reason=already-answered
[drop]	pg=cmfyphskn009m7kdo1vtxlfps	name=Clara_Bdx	reason=already-answered
[sched]	room=cmfy701mf00007kp0h8kpkmny	game=cmfyphskk009i7kdo2pa91u73	round=4/15	bots=3	pgIds=4
[drop]	pg=cmfyphskp009q7kdo1vfrucvz	name=Emma_92	reason=already-answered
[drop]	pg=cmfyphskn009m7kdo1vtxlfps	name=Clara_Bdx	reason=already-answered
[drop]	pg=cmfyphsko009o7kdo1g53vr4p	name=Pixelman	reason=already-answered
[sched]	room=cmfy701mf00007kp0h8kpkmny	game=cmfyphskk009i7kdo2pa91u73	round=5/15	bots=3	pgIds=4
[drop]	pg=cmfyphsko009o7kdo1g53vr4p	name=Pixelman	reason=already-answered
[drop]	pg=cmfyphskp009q7kdo1vfrucvz	name=Emma_92	reason=already-answered
[drop]	pg=cmfyphskn009m7kdo1vtxlfps	name=Clara_Bdx	reason=already-answered
[sched]	room=cmfy701mf00007kp0h8kpkmny	game=cmfyphskk009i7kdo2pa91u73	round=6/15	bots=3	pgIds=4
[drop]	pg=cmfyphskp009q7kdo1vfrucvz	name=Emma_92	reason=already-answered
[drop]	pg=cmfyphsko009o7kdo1g53vr4p	name=Pixelman	reason=already-answered
[drop]	pg=cmfyphskn009m7kdo1vtxlfps	name=Clara_Bdx	reason=already-answered
[sched]	room=cmfy701mf00007kp0h8kpkmny	game=cmfyphskk009i7kdo2pa91u73	round=7/15	bots=3	pgIds=4
[drop]	pg=cmfyphsko009o7kdo1g53vr4p	name=Pixelman	reason=already-answered
[drop]	pg=cmfyphskp009q7kdo1vfrucvz	name=Emma_92	reason=already-answered
[drop]	pg=cmfyphskn009m7kdo1vtxlfps	name=Clara_Bdx	reason=already-answered
[sched]	room=cmfy701mf00007kp0h8kpkmny	game=cmfyphskk009i7kdo2pa91u73	round=8/15	bots=3	pgIds=4
[drop]	pg=cmfyphsko009o7kdo1g53vr4p	name=Pixelman	reason=already-answered
[drop]	pg=cmfyphskp009q7kdo1vfrucvz	name=Emma_92	reason=already-answered
[drop]	pg=cmfyphskn009m7kdo1vtxlfps	name=Clara_Bdx	reason=already-answered
[sched]	room=cmfy701mf00007kp0h8kpkmny	game=cmfyphskk009i7kdo2pa91u73	round=9/15	bots=3	pgIds=4
[drop]	pg=cmfyphsko009o7kdo1g53vr4p	name=Pixelman	reason=already-answered
[drop]	pg=cmfyphskp009q7kdo1vfrucvz	name=Emma_92	reason=already-answered
[drop]	pg=cmfyphskn009m7kdo1vtxlfps	name=Clara_Bdx	reason=already-answered
[sched]	room=cmfy701mf00007kp0h8kpkmny	game=cmfyphskk009i7kdo2pa91u73	round=10/15	bots=3	pgIds=4
[drop]	pg=cmfyphsko009o7kdo1g53vr4p	name=Pixelman	reason=already-answered
[drop]	pg=cmfyphskp009q7kdo1vfrucvz	name=Emma_92	reason=already-answered
[drop]	pg=cmfyphskn009m7kdo1vtxlfps	name=Clara_Bdx	reason=already-answered
[sched]	room=cmfy701mf00007kp0h8kpkmny	game=cmfyphskk009i7kdo2pa91u73	round=11/15	bots=3	pgIds=4
[drop]	pg=cmfyphsko009o7kdo1g53vr4p	name=Pixelman	reason=already-answered
[drop]	pg=cmfyphskp009q7kdo1vfrucvz	name=Emma_92	reason=already-answered
[drop]	pg=cmfyphskn009m7kdo1vtxlfps	name=Clara_Bdx	reason=already-answered
[sched]	room=cmfy701mf00007kp0h8kpkmny	game=cmfyphskk009i7kdo2pa91u73	round=12/15	bots=3	pgIds=4
[drop]	pg=cmfyphskp009q7kdo1vfrucvz	name=Emma_92	reason=already-answered
[drop]	pg=cmfyphsko009o7kdo1g53vr4p	name=Pixelman	reason=already-answered
[drop]	pg=cmfyphskn009m7kdo1vtxlfps	name=Clara_Bdx	reason=already-answered
[sched]	room=cmfy701mf00007kp0h8kpkmny	game=cmfyphskk009i7kdo2pa91u73	round=13/15	bots=3	pgIds=4
[drop]	pg=cmfyphsko009o7kdo1g53vr4p	name=Pixelman	reason=already-answered
[drop]	pg=cmfyphskp009q7kdo1vfrucvz	name=Emma_92	reason=already-answered
[drop]	pg=cmfyphskn009m7kdo1vtxlfps	name=Clara_Bdx	reason=already-answered
[sched]	room=cmfy701mf00007kp0h8kpkmny	game=cmfyphskk009i7kdo2pa91u73	round=14/15	bots=3	pgIds=4
[drop]	pg=cmfyphsko009o7kdo1g53vr4p	name=Pixelman	reason=already-answered
[drop]	pg=cmfyphskp009q7kdo1vfrucvz	name=Emma_92	reason=already-answered
[drop]	pg=cmfyphskn009m7kdo1vtxlfps	name=Clara_Bdx	reason=already-answered

=== BOT LOG START 2025-09-25T01:04:50.819Z ===

=== BOT LOG START 2025-09-25T01:05:05.864Z ===
[sched]	room=cmfy701mf00007kp0h8kpkmny	game=cmfypoa2a00077kkg1p4ir3zx	round=0/15	bots=3	pgIds=4
[drop]	pg=cmfypoa2f000d7kkg4izhnsuz	name=Pixelman	reason=no-client
[drop]	pg=cmfypoa2g000f7kkgjcfsrkef	name=Emma_92	reason=no-client
[drop]	pg=cmfypoa2e000b7kkgt2xtg0ye	name=Clara_Bdx	reason=no-client
[sched]	room=cmfy701mf00007kp0h8kpkmny	game=cmfypoa2a00077kkg1p4ir3zx	round=1/15	bots=3	pgIds=4
[drop]	pg=cmfypoa2f000d7kkg4izhnsuz	name=Pixelman	reason=no-client
[drop]	pg=cmfypoa2g000f7kkgjcfsrkef	name=Emma_92	reason=no-client
[drop]	pg=cmfypoa2e000b7kkgt2xtg0ye	name=Clara_Bdx	reason=no-client
[sched]	room=cmfy701mf00007kp0h8kpkmny	game=cmfypoa2a00077kkg1p4ir3zx	round=2/15	bots=3	pgIds=4
[drop]	pg=cmfypoa2f000d7kkg4izhnsuz	name=Pixelman	reason=no-client
[drop]	pg=cmfypoa2g000f7kkgjcfsrkef	name=Emma_92	reason=no-client
[drop]	pg=cmfypoa2e000b7kkgt2xtg0ye	name=Clara_Bdx	reason=no-client
[sched]	room=cmfy701mf00007kp0h8kpkmny	game=cmfypoa2a00077kkg1p4ir3zx	round=3/15	bots=3	pgIds=4
[drop]	pg=cmfypoa2f000d7kkg4izhnsuz	name=Pixelman	reason=no-client
[drop]	pg=cmfypoa2e000b7kkgt2xtg0ye	name=Clara_Bdx	reason=no-client
[drop]	pg=cmfypoa2g000f7kkgjcfsrkef	name=Emma_92	reason=no-client
[sched]	room=cmfy701mf00007kp0h8kpkmny	game=cmfypoa2a00077kkg1p4ir3zx	round=4/15	bots=3	pgIds=4
[drop]	pg=cmfypoa2f000d7kkg4izhnsuz	name=Pixelman	reason=no-client
[drop]	pg=cmfypoa2g000f7kkgjcfsrkef	name=Emma_92	reason=no-client
[drop]	pg=cmfypoa2e000b7kkgt2xtg0ye	name=Clara_Bdx	reason=no-client
[sched]	room=cmfy701mf00007kp0h8kpkmny	game=cmfypoa2a00077kkg1p4ir3zx	round=5/15	bots=3	pgIds=4
[drop]	pg=cmfypoa2g000f7kkgjcfsrkef	name=Emma_92	reason=no-client
[drop]	pg=cmfypoa2f000d7kkg4izhnsuz	name=Pixelman	reason=no-client
[drop]	pg=cmfypoa2e000b7kkgt2xtg0ye	name=Clara_Bdx	reason=no-client
[sched]	room=cmfy701mf00007kp0h8kpkmny	game=cmfypoa2a00077kkg1p4ir3zx	round=6/15	bots=3	pgIds=4
[drop]	pg=cmfypoa2f000d7kkg4izhnsuz	name=Pixelman	reason=no-client
[drop]	pg=cmfypoa2e000b7kkgt2xtg0ye	name=Clara_Bdx	reason=no-client
[drop]	pg=cmfypoa2g000f7kkgjcfsrkef	name=Emma_92	reason=no-client
[sched]	room=cmfy701mf00007kp0h8kpkmny	game=cmfypoa2a00077kkg1p4ir3zx	round=7/15	bots=3	pgIds=4
[drop]	pg=cmfypoa2f000d7kkg4izhnsuz	name=Pixelman	reason=no-client
[drop]	pg=cmfypoa2g000f7kkgjcfsrkef	name=Emma_92	reason=no-client
[drop]	pg=cmfypoa2e000b7kkgt2xtg0ye	name=Clara_Bdx	reason=no-client
[sched]	room=cmfy701mf00007kp0h8kpkmny	game=cmfypoa2a00077kkg1p4ir3zx	round=8/15	bots=3	pgIds=4
[drop]	pg=cmfypoa2f000d7kkg4izhnsuz	name=Pixelman	reason=no-client
[drop]	pg=cmfypoa2e000b7kkgt2xtg0ye	name=Clara_Bdx	reason=no-client
[drop]	pg=cmfypoa2g000f7kkgjcfsrkef	name=Emma_92	reason=no-client
[sched]	room=cmfy701mf00007kp0h8kpkmny	game=cmfypoa2a00077kkg1p4ir3zx	round=9/15	bots=3	pgIds=4
[drop]	pg=cmfypoa2f000d7kkg4izhnsuz	name=Pixelman	reason=no-client
[drop]	pg=cmfypoa2g000f7kkgjcfsrkef	name=Emma_92	reason=no-client
[drop]	pg=cmfypoa2e000b7kkgt2xtg0ye	name=Clara_Bdx	reason=no-client
[sched]	room=cmfy701mf00007kp0h8kpkmny	game=cmfypoa2a00077kkg1p4ir3zx	round=10/15	bots=3	pgIds=4
[drop]	pg=cmfypoa2f000d7kkg4izhnsuz	name=Pixelman	reason=no-client
[drop]	pg=cmfypoa2g000f7kkgjcfsrkef	name=Emma_92	reason=no-client
[drop]	pg=cmfypoa2e000b7kkgt2xtg0ye	name=Clara_Bdx	reason=no-client
[sched]	room=cmfy701mf00007kp0h8kpkmny	game=cmfypoa2a00077kkg1p4ir3zx	round=11/15	bots=3	pgIds=4
[drop]	pg=cmfypoa2f000d7kkg4izhnsuz	name=Pixelman	reason=no-client
[drop]	pg=cmfypoa2g000f7kkgjcfsrkef	name=Emma_92	reason=no-client
[drop]	pg=cmfypoa2e000b7kkgt2xtg0ye	name=Clara_Bdx	reason=no-client
[sched]	room=cmfy701mf00007kp0h8kpkmny	game=cmfypoa2a00077kkg1p4ir3zx	round=12/15	bots=3	pgIds=4
[drop]	pg=cmfypoa2f000d7kkg4izhnsuz	name=Pixelman	reason=no-client
[drop]	pg=cmfypoa2e000b7kkgt2xtg0ye	name=Clara_Bdx	reason=no-client
[drop]	pg=cmfypoa2g000f7kkgjcfsrkef	name=Emma_92	reason=no-client
[sched]	room=cmfy701mf00007kp0h8kpkmny	game=cmfypoa2a00077kkg1p4ir3zx	round=13/15	bots=3	pgIds=4
[drop]	pg=cmfypoa2e000b7kkgt2xtg0ye	name=Clara_Bdx	reason=no-client
[drop]	pg=cmfypoa2f000d7kkg4izhnsuz	name=Pixelman	reason=no-client
[drop]	pg=cmfypoa2g000f7kkgjcfsrkef	name=Emma_92	reason=no-client
[sched]	room=cmfy701mf00007kp0h8kpkmny	game=cmfypoa2a00077kkg1p4ir3zx	round=14/15	bots=3	pgIds=4
[drop]	pg=cmfypoa2f000d7kkg4izhnsuz	name=Pixelman	reason=no-client
[drop]	pg=cmfypoa2g000f7kkgjcfsrkef	name=Emma_92	reason=no-client
[drop]	pg=cmfypoa2e000b7kkgt2xtg0ye	name=Clara_Bdx	reason=no-client
[sched]	room=cmfy701mf00007kp0h8kpkmny	game=cmfypu84u000w7kkgyvsv9be1	round=0/15	bots=3	pgIds=4
[drop]	pg=cmfypu85300147kkgdaux7b7e	name=Emma_92	reason=no-client
[drop]	pg=cmfypu85100127kkg3vw9w05i	name=Pixelman	reason=no-client
[drop]	pg=cmfypu84z00107kkg0iaupfed	name=Clara_Bdx	reason=no-client
[sched]	room=cmfy701mf00007kp0h8kpkmny	game=cmfypu84u000w7kkgyvsv9be1	round=1/15	bots=3	pgIds=4
[drop]	pg=cmfypu85100127kkg3vw9w05i	name=Pixelman	reason=no-client
[drop]	pg=cmfypu85300147kkgdaux7b7e	name=Emma_92	reason=no-client
[drop]	pg=cmfypu84z00107kkg0iaupfed	name=Clara_Bdx	reason=no-client
[sched]	room=cmfy701mf00007kp0h8kpkmny	game=cmfypu84u000w7kkgyvsv9be1	round=2/15	bots=3	pgIds=4
[drop]	pg=cmfypu85300147kkgdaux7b7e	name=Emma_92	reason=no-client
[drop]	pg=cmfypu85100127kkg3vw9w05i	name=Pixelman	reason=no-client
[drop]	pg=cmfypu84z00107kkg0iaupfed	name=Clara_Bdx	reason=no-client
[sched]	room=cmfy701mf00007kp0h8kpkmny	game=cmfypu84u000w7kkgyvsv9be1	round=3/15	bots=3	pgIds=4
[drop]	pg=cmfypu85100127kkg3vw9w05i	name=Pixelman	reason=no-client
[drop]	pg=cmfypu84z00107kkg0iaupfed	name=Clara_Bdx	reason=no-client
[drop]	pg=cmfypu85300147kkgdaux7b7e	name=Emma_92	reason=no-client
[sched]	room=cmfy701mf00007kp0h8kpkmny	game=cmfypu84u000w7kkgyvsv9be1	round=4/15	bots=3	pgIds=4
[drop]	pg=cmfypu85100127kkg3vw9w05i	name=Pixelman	reason=no-client
[drop]	pg=cmfypu85300147kkgdaux7b7e	name=Emma_92	reason=no-client
[drop]	pg=cmfypu84z00107kkg0iaupfed	name=Clara_Bdx	reason=no-client
[sched]	room=cmfy701mf00007kp0h8kpkmny	game=cmfypu84u000w7kkgyvsv9be1	round=5/15	bots=3	pgIds=4
[drop]	pg=cmfypu85300147kkgdaux7b7e	name=Emma_92	reason=no-client
[drop]	pg=cmfypu85100127kkg3vw9w05i	name=Pixelman	reason=no-client
[drop]	pg=cmfypu84z00107kkg0iaupfed	name=Clara_Bdx	reason=no-client
[sched]	room=cmfy701mf00007kp0h8kpkmny	game=cmfypu84u000w7kkgyvsv9be1	round=6/15	bots=3	pgIds=4
[drop]	pg=cmfypu85300147kkgdaux7b7e	name=Emma_92	reason=no-client
[drop]	pg=cmfypu85100127kkg3vw9w05i	name=Pixelman	reason=no-client
[drop]	pg=cmfypu84z00107kkg0iaupfed	name=Clara_Bdx	reason=no-client

=== BOT LOG START 2025-09-25T01:11:51.911Z ===

=== BOT LOG START 2025-09-25T01:27:44.344Z ===

=== BOT LOG START 2025-09-25T01:27:49.267Z ===

=== BOT LOG START 2025-09-25T01:27:58.597Z ===
[2025-09-25T01:28:10.964Z] attach  pgId="cmfyqhlmk000j7kf4rb4p95ac" name="Emma_92" reason="created-ephemeral-client"
[2025-09-25T01:28:10.979Z] text	pg=cmfyqhlmk000j7kf4rb4p95ac	corr=1	q=cmfy6wvne04157k38yp76onya	E=10->20	S=110	4586ms
[2025-09-25T01:28:11.320Z] attach  pgId="cmfyqhlmh000f7kf4s5hcnp2e" name="Clara_Bdx" reason="created-ephemeral-client"
[2025-09-25T01:28:11.326Z] text	pg=cmfyqhlmh000f7kf4s5hcnp2e	corr=1	q=cmfy6wvne04157k38yp76onya	E=10->20	S=110	4941ms
[2025-09-25T01:28:11.367Z] attach  pgId="cmfyqhlmi000h7kf4njxwgheh" name="Pixelman" reason="created-ephemeral-client"
[2025-09-25T01:28:11.372Z] mc	pg=cmfyqhlmi000h7kf4njxwgheh	corr=0	q=cmfy6wvne04157k38yp76onya	E=10->15	S=0	4988ms
[2025-09-25T01:28:29.315Z] text	pg=cmfyqhlmk000j7kf4rb4p95ac	corr=1	q=cmfy6wwmq08157k38zqzq32tm	E=20->30	S=230	4903ms
[2025-09-25T01:28:29.380Z] text	pg=cmfyqhlmi000h7kf4njxwgheh	corr=0	q=cmfy6wwmq08157k38zqzq32tm	E=15->20	S=0	4965ms
[2025-09-25T01:28:29.584Z] text	pg=cmfyqhlmh000f7kf4s5hcnp2e	corr=0	q=cmfy6wwmq08157k38zqzq32tm	E=20->25	S=110	5167ms
[2025-09-25T01:28:46.747Z] mc	pg=cmfyqhlmi000h7kf4njxwgheh	corr=1	q=cmfy6wv9y02ib7k38oapjvi09	E=20->30	S=100	4304ms
[2025-09-25T01:28:47.216Z] text	pg=cmfyqhlmk000j7kf4rb4p95ac	corr=1	q=cmfy6wv9y02ib7k38oapjvi09	E=30->40	S=360	4774ms
[2025-09-25T01:28:47.932Z] text	pg=cmfyqhlmh000f7kf4s5hcnp2e	corr=0	q=cmfy6wv9y02ib7k38oapjvi09	E=25->30	S=110	5492ms
[2025-09-25T01:29:04.837Z] text	pg=cmfyqhlmi000h7kf4njxwgheh	corr=1	q=cmfy6wwat06op7k3811lu1h81	E=30->40	S=230	4364ms
[2025-09-25T01:29:05.659Z] text	pg=cmfyqhlmk000j7kf4rb4p95ac	corr=1	q=cmfy6wwat06op7k3811lu1h81	E=40->50	S=500	5180ms
[2025-09-25T01:29:05.935Z] text	pg=cmfyqhlmh000f7kf4s5hcnp2e	corr=0	q=cmfy6wwat06op7k3811lu1h81	E=30->35	S=110	5461ms
[2025-09-25T01:29:22.832Z] mc	pg=cmfyqhlmi000h7kf4njxwgheh	corr=0	q=cmfy6wx0e09g27k38gkmgwux7	E=40->45	S=230	4330ms
[2025-09-25T01:29:23.383Z] mc	pg=cmfyqhlmk000j7kf4rb4p95ac	corr=1	q=cmfy6wx0e09g27k38gkmgwux7	E=50->60	S=600	4874ms
[2025-09-25T01:29:24.051Z] mc	pg=cmfyqhlmh000f7kf4s5hcnp2e	corr=1	q=cmfy6wx0e09g27k38gkmgwux7	E=35->45	S=210	5534ms
[2025-09-25T01:29:40.755Z] text	pg=cmfyqhlmi000h7kf4njxwgheh	corr=0	q=cmfy6wwr708ip7k38ndwfs4oi	E=45->50	S=230	4240ms
[2025-09-25T01:29:40.900Z] text	pg=cmfyqhlmk000j7kf4rb4p95ac	corr=0	q=cmfy6wwr708ip7k38ndwfs4oi	E=60->65	S=600	4381ms
[2025-09-25T01:29:41.820Z] mc	pg=cmfyqhlmh000f7kf4s5hcnp2e	corr=1	q=cmfy6wwr708ip7k38ndwfs4oi	E=45->55	S=310	5302ms
[2025-09-25T01:29:58.864Z] text	pg=cmfyqhlmi000h7kf4njxwgheh	corr=0	q=cmfy6wuob00207k38eax0bywp	E=50->55	S=230	4320ms
[2025-09-25T01:29:59.144Z] mc	pg=cmfyqhlmh000f7kf4s5hcnp2e	corr=1	q=cmfy6wuob00207k38eax0bywp	E=55->65	S=410	4600ms
[2025-09-25T01:29:59.173Z] text	pg=cmfyqhlmk000j7kf4rb4p95ac	corr=0	q=cmfy6wuob00207k38eax0bywp	E=65->70	S=600	4631ms
[2025-09-25T01:30:16.895Z] text	pg=cmfyqhlmk000j7kf4rb4p95ac	corr=1	q=cmfy6wwo808777k38rzunhvaj	E=70->80	S=770	4321ms
[2025-09-25T01:30:17.404Z] text	pg=cmfyqhlmi000h7kf4njxwgheh	corr=1	q=cmfy6wwo808777k38rzunhvaj	E=55->65	S=380	4837ms
[2025-09-25T01:30:17.409Z] text	pg=cmfyqhlmh000f7kf4s5hcnp2e	corr=1	q=cmfy6wwo808777k38rzunhvaj	E=65->75	S=570	4845ms
[2025-09-25T01:30:35.073Z] text	pg=cmfyqhlmk000j7kf4rb4p95ac	corr=0	q=cmfy6wwxj095l7k385nuaozvq	E=80->85	S=770	4467ms
[2025-09-25T01:30:35.124Z] mc	pg=cmfyqhlmi000h7kf4njxwgheh	corr=0	q=cmfy6wwxj095l7k385nuaozvq	E=65->70	S=380	4529ms
[2025-09-25T01:30:36.017Z] text	pg=cmfyqhlmh000f7kf4s5hcnp2e	corr=1	q=cmfy6wwxj095l7k385nuaozvq	E=75->85	S=740	5418ms
[2025-09-25T01:30:53.064Z] text	pg=cmfyqhlmk000j7kf4rb4p95ac	corr=0	q=cmfy6wwhl07ge7k38yydsa19p	E=85->90	S=770	4434ms
[2025-09-25T01:30:53.473Z] text	pg=cmfyqhlmi000h7kf4njxwgheh	corr=1	q=cmfy6wwhl07ge7k38yydsa19p	E=70->80	S=550	4841ms
[2025-09-25T01:30:54.114Z] text	pg=cmfyqhlmh000f7kf4s5hcnp2e	corr=1	q=cmfy6wwhl07ge7k38yydsa19p	E=85->95	S=920	5481ms
[2025-09-25T01:31:10.881Z] text	pg=cmfyqhlmi000h7kf4njxwgheh	corr=0	q=cmfy6wuva00uf7k385a73fbkl	E=80->85	S=550	4220ms
[2025-09-25T01:31:11.427Z] text	pg=cmfyqhlmk000j7kf4rb4p95ac	corr=0	q=cmfy6wuva00uf7k385a73fbkl	E=90->95	S=770	4764ms
[2025-09-25T01:31:12.210Z] mc	pg=cmfyqhlmh000f7kf4s5hcnp2e	corr=0	q=cmfy6wuva00uf7k385a73fbkl	E=95->100	S=920	5544ms
[2025-09-25T01:31:29.117Z] mc	pg=cmfyqhlmk000j7kf4rb4p95ac	corr=1	q=cmfy6wutw00oq7k385gove4hf	E=95->100	S=870	4426ms
[2025-09-25T01:31:29.506Z] text	pg=cmfyqhlmi000h7kf4njxwgheh	corr=0	q=cmfy6wutw00oq7k385gove4hf	E=85->90	S=550	4818ms
[2025-09-25T01:31:30.036Z] text	pg=cmfyqhlmh000f7kf4s5hcnp2e	corr=0	q=cmfy6wutw00oq7k385gove4hf	E=100->100	S=920	5347ms
[2025-09-25T01:31:47.425Z] text	pg=cmfyqhlmk000j7kf4rb4p95ac	corr=1	q=cmfy6wvb602ni7k38xn0v2t7e	E=100->100	S=1070	4696ms
[2025-09-25T01:31:47.467Z] text	pg=cmfyqhlmi000h7kf4njxwgheh	corr=1	q=cmfy6wvb602ni7k38xn0v2t7e	E=90->100	S=740	4742ms
[2025-09-25T01:31:47.627Z] mc	pg=cmfyqhlmh000f7kf4s5hcnp2e	corr=1	q=cmfy6wvb602ni7k38xn0v2t7e	E=100->100	S=1020	4898ms
[2025-09-25T01:32:05.018Z] text	pg=cmfyqhlmi000h7kf4njxwgheh	corr=0	q=cmfy6wurd00e97k3835xawzwj	E=100->100	S=740	4268ms
[2025-09-25T01:32:05.710Z] text	pg=cmfyqhlmk000j7kf4rb4p95ac	corr=1	q=cmfy6wurd00e97k3835xawzwj	E=100->100	S=1270	4957ms
[2025-09-25T01:32:06.101Z] text	pg=cmfyqhlmh000f7kf4s5hcnp2e	corr=0	q=cmfy6wurd00e97k3835xawzwj	E=100->100	S=1020	5350ms
[2025-09-25T01:32:23.496Z] mc	pg=cmfyqhlmk000j7kf4rb4p95ac	corr=1	q=cmfy6ww6o067z7k38i61tr8rc	E=100->100	S=1370	4727ms
[2025-09-25T01:32:23.666Z] text	pg=cmfyqhlmh000f7kf4s5hcnp2e	corr=1	q=cmfy6ww6o067z7k38i61tr8rc	E=100->100	S=1220	4895ms
[2025-09-25T01:32:23.771Z] text	pg=cmfyqhlmi000h7kf4njxwgheh	corr=0	q=cmfy6ww6o067z7k38i61tr8rc	E=100->100	S=740	5003ms

=== BOT LOG START 2025-09-25T01:32:29.502Z ===

=== BOT LOG START 2025-09-25T01:32:46.487Z ===
[2025-09-25T01:33:01.382Z] attach  pgId="cmfyqntoj000h7kc8crhl7y0v" name="Pixelman" reason="created-ephemeral-client"
[2025-09-25T01:33:01.395Z] text	pg=cmfyqntoj000h7kc8crhl7y0v	corr=1	q=cmfy6wv1701in7k383qa5c4by	E=10->20	S=110	4625ms
[2025-09-25T01:33:01.801Z] attach  pgId="cmfyqntok000j7kc8d62jm9di" name="Emma_92" reason="created-ephemeral-client"
[2025-09-25T01:33:01.812Z] text	pg=cmfyqntok000j7kc8d62jm9di	corr=1	q=cmfy6wv1701in7k383qa5c4by	E=10->20	S=110	5045ms
[2025-09-25T01:33:02.269Z] attach  pgId="cmfyqntoi000f7kc8br2vg7xn" name="Clara_Bdx" reason="created-ephemeral-client"
[2025-09-25T01:33:02.273Z] mc	pg=cmfyqntoi000f7kc8br2vg7xn	corr=0	q=cmfy6wv1701in7k383qa5c4by	E=10->15	S=0	5512ms
[2025-09-25T01:33:19.193Z] text	pg=cmfyqntoj000h7kc8crhl7y0v	corr=0	q=cmfy6wvur04u57k38rnqz004y	E=20->25	S=110	4395ms
[2025-09-25T01:33:19.456Z] text	pg=cmfyqntok000j7kc8d62jm9di	corr=1	q=cmfy6wvur04u57k38rnqz004y	E=20->30	S=230	4659ms
[2025-09-25T01:33:19.610Z] text	pg=cmfyqntoi000f7kc8br2vg7xn	corr=1	q=cmfy6wvur04u57k38rnqz004y	E=15->25	S=110	4813ms
[2025-09-25T01:33:37.145Z] text	pg=cmfyqntoj000h7kc8crhl7y0v	corr=1	q=cmfy6wwnx08627k38rngas031	E=25->35	S=230	4322ms
[2025-09-25T01:33:37.382Z] mc	pg=cmfyqntok000j7kc8d62jm9di	corr=1	q=cmfy6wwnx08627k38rngas031	E=30->40	S=330	4557ms
[2025-09-25T01:33:37.788Z] text	pg=cmfyqntoi000f7kc8br2vg7xn	corr=0	q=cmfy6wwnx08627k38rngas031	E=25->30	S=110	4961ms
[2025-09-25T01:33:55.649Z] text	pg=cmfyqntok000j7kc8d62jm9di	corr=1	q=cmfy6wwg2079u7k38m1z7gsx4	E=40->50	S=470	4806ms
[2025-09-25T01:33:55.885Z] mc	pg=cmfyqntoj000h7kc8crhl7y0v	corr=0	q=cmfy6wwg2079u7k38m1z7gsx4	E=35->40	S=230	5042ms
[2025-09-25T01:33:55.898Z] text	pg=cmfyqntoi000f7kc8br2vg7xn	corr=0	q=cmfy6wwg2079u7k38m1z7gsx4	E=30->35	S=110	5057ms
[2025-09-25T01:34:13.461Z] mc	pg=cmfyqntoj000h7kc8crhl7y0v	corr=0	q=cmfy6wvqe04cz7k38s8u47jgd	E=40->45	S=230	4591ms
[2025-09-25T01:34:13.843Z] mc	pg=cmfyqntok000j7kc8d62jm9di	corr=0	q=cmfy6wvqe04cz7k38s8u47jgd	E=50->55	S=470	4966ms
[2025-09-25T01:34:14.376Z] mc	pg=cmfyqntoi000f7kc8br2vg7xn	corr=0	q=cmfy6wvqe04cz7k38s8u47jgd	E=35->40	S=110	5509ms
[2025-09-25T01:34:31.341Z] mc	pg=cmfyqntoj000h7kc8crhl7y0v	corr=1	q=cmfy6wvpz04ba7k38438c5qcv	E=45->55	S=330	4465ms
[2025-09-25T01:34:31.560Z] mc	pg=cmfyqntoi000f7kc8br2vg7xn	corr=0	q=cmfy6wvpz04ba7k38438c5qcv	E=40->45	S=110	4684ms
[2025-09-25T01:34:31.761Z] mc	pg=cmfyqntok000j7kc8d62jm9di	corr=1	q=cmfy6wvpz04ba7k38438c5qcv	E=55->65	S=570	4886ms

=== BOT LOG START 2025-09-25T01:34:38.469Z ===

=== BOT LOG START 2025-09-25T01:34:43.426Z ===
[2025-09-25T01:34:57.030Z] attach  pgId="cmfyqqayq000j7krsfv7er477" name="Emma_92" reason="created-ephemeral-client"
[2025-09-25T01:34:57.040Z] attach  pgId="cmfyqqayp000h7krs48atilnw" name="Pixelman" reason="created-ephemeral-client"
[2025-09-25T01:34:57.042Z] mc	pg=cmfyqqayq000j7krsfv7er477	corr=0	q=cmfy6wvcz02uv7k38xq18rvhd	E=10->15	S=0	4572ms
[2025-09-25T01:34:57.047Z] text	pg=cmfyqqayp000h7krs48atilnw	corr=0	q=cmfy6wvcz02uv7k38xq18rvhd	E=10->15	S=0	4583ms
[2025-09-25T01:34:57.952Z] attach  pgId="cmfyqqayo000f7krsof655bnt" name="Clara_Bdx" reason="created-ephemeral-client"
[2025-09-25T01:34:57.959Z] text	pg=cmfyqqayo000f7krsof655bnt	corr=0	q=cmfy6wvcz02uv7k38xq18rvhd	E=10->15	S=0	5494ms
[2025-09-25T01:34:59.980Z] attach  pgId="cmfyqqd7v000x7krsb8z26tc8" name="Pixelman" reason="created-ephemeral-client"
[2025-09-25T01:34:59.990Z] mc	pg=cmfyqqd7v000x7krsb8z26tc8	corr=0	q=cmfy6wx600a2i7k38tsa1um9q	E=10->15	S=0	4584ms
[2025-09-25T01:35:00.105Z] attach  pgId="cmfyqqd7u000v7krsdn8znph0" name="Clara_Bdx" reason="created-ephemeral-client"
[2025-09-25T01:35:00.115Z] mc	pg=cmfyqqd7u000v7krsdn8znph0	corr=0	q=cmfy6wx600a2i7k38tsa1um9q	E=10->15	S=0	4709ms
[2025-09-25T01:35:00.183Z] attach  pgId="cmfyqqd7x000z7krsulbitsap" name="Emma_92" reason="created-ephemeral-client"
[2025-09-25T01:35:00.192Z] mc	pg=cmfyqqd7x000z7krsulbitsap	corr=1	q=cmfy6wx600a2i7k38tsa1um9q	E=10->20	S=100	4787ms
[2025-09-25T01:35:17.625Z] text	pg=cmfyqqd7v000x7krsb8z26tc8	corr=1	q=cmfy6wvle03sx7k38kk467mzn	E=15->25	S=110	4195ms
[2025-09-25T01:35:18.143Z] text	pg=cmfyqqd7u000v7krsdn8znph0	corr=1	q=cmfy6wvle03sx7k38kk467mzn	E=15->25	S=110	4714ms
[2025-09-25T01:35:18.564Z] text	pg=cmfyqqd7x000z7krsulbitsap	corr=0	q=cmfy6wvle03sx7k38kk467mzn	E=20->25	S=100	5134ms
[2025-09-25T01:35:35.740Z] text	pg=cmfyqqd7v000x7krsb8z26tc8	corr=1	q=cmfy6wwmq08157k38zqzq32tm	E=25->35	S=230	4242ms
[2025-09-25T01:35:36.506Z] text	pg=cmfyqqd7x000z7krsulbitsap	corr=1	q=cmfy6wwmq08157k38zqzq32tm	E=25->35	S=220	5036ms
[2025-09-25T01:35:36.756Z] text	pg=cmfyqqd7u000v7krsdn8znph0	corr=0	q=cmfy6wwmq08157k38zqzq32tm	E=25->30	S=110	5283ms
[2025-09-25T01:35:54.049Z] text	pg=cmfyqqd7x000z7krsulbitsap	corr=1	q=cmfy6wvm303vv7k38bo5pxtqy	E=35->45	S=350	4557ms
[2025-09-25T01:35:54.554Z] text	pg=cmfyqqd7v000x7krsb8z26tc8	corr=1	q=cmfy6wvm303vv7k38bo5pxtqy	E=35->45	S=360	5058ms
[2025-09-25T01:35:54.632Z] text	pg=cmfyqqd7u000v7krsdn8znph0	corr=0	q=cmfy6wvm303vv7k38bo5pxtqy	E=30->35	S=110	5136ms
[2025-09-25T01:36:11.722Z] mc	pg=cmfyqqd7v000x7krsb8z26tc8	corr=0	q=cmfy6wwp608aq7k38olksq2as	E=45->50	S=360	4195ms
[2025-09-25T01:36:12.784Z] mc	pg=cmfyqqd7u000v7krsdn8znph0	corr=0	q=cmfy6wwp608aq7k38olksq2as	E=35->40	S=110	5253ms
[2025-09-25T01:36:12.784Z] mc	pg=cmfyqqd7x000z7krsulbitsap	corr=1	q=cmfy6wwp608aq7k38olksq2as	E=45->55	S=450	5259ms
[2025-09-25T01:36:30.055Z] mc	pg=cmfyqqd7v000x7krsb8z26tc8	corr=0	q=cmfy6wwwn091y7k38r9u566si	E=50->55	S=360	4502ms
[2025-09-25T01:36:30.299Z] text	pg=cmfyqqd7u000v7krsdn8znph0	corr=1	q=cmfy6wwwn091y7k38r9u566si	E=40->50	S=250	4752ms
[2025-09-25T01:36:30.664Z] mc	pg=cmfyqqd7x000z7krsulbitsap	corr=1	q=cmfy6wwwn091y7k38r9u566si	E=55->65	S=550	5111ms
[2025-09-25T01:36:48.174Z] text	pg=cmfyqqd7v000x7krsb8z26tc8	corr=1	q=cmfy6wwhf07fl7k38jvgs1pfn	E=55->65	S=510	4592ms
[2025-09-25T01:36:48.269Z] mc	pg=cmfyqqd7x000z7krsulbitsap	corr=1	q=cmfy6wwhf07fl7k38jvgs1pfn	E=65->75	S=650	4670ms
[2025-09-25T01:36:48.430Z] text	pg=cmfyqqd7u000v7krsdn8znph0	corr=0	q=cmfy6wwhf07fl7k38jvgs1pfn	E=50->55	S=250	4843ms
[2025-09-25T01:37:05.778Z] mc	pg=cmfyqqd7v000x7krsb8z26tc8	corr=0	q=cmfy6wvcg02st7k38h56l66of	E=65->70	S=510	4176ms
[2025-09-25T01:37:06.512Z] mc	pg=cmfyqqd7x000z7krsulbitsap	corr=1	q=cmfy6wvcg02st7k38h56l66of	E=75->85	S=750	4912ms
[2025-09-25T01:37:07.011Z] mc	pg=cmfyqqd7u000v7krsdn8znph0	corr=1	q=cmfy6wvcg02st7k38h56l66of	E=55->65	S=350	5413ms
[2025-09-25T01:37:24.398Z] text	pg=cmfyqqd7v000x7krsb8z26tc8	corr=1	q=cmfy6wwy3097i7k387nqonnpw	E=70->80	S=680	4750ms
[2025-09-25T01:37:24.685Z] text	pg=cmfyqqd7u000v7krsdn8znph0	corr=1	q=cmfy6wwy3097i7k387nqonnpw	E=65->75	S=510	5046ms
[2025-09-25T01:37:24.901Z] mc	pg=cmfyqqd7x000z7krsulbitsap	corr=1	q=cmfy6wwy3097i7k387nqonnpw	E=85->95	S=850	5266ms
[2025-09-25T01:37:42.120Z] text	pg=cmfyqqd7v000x7krsb8z26tc8	corr=0	q=cmfy6wust00k67k385e18s0uq	E=80->85	S=680	4454ms
[2025-09-25T01:37:42.473Z] mc	pg=cmfyqqd7x000z7krsulbitsap	corr=0	q=cmfy6wust00k67k385e18s0uq	E=95->100	S=850	4814ms
[2025-09-25T01:37:42.865Z] text	pg=cmfyqqd7u000v7krsdn8znph0	corr=1	q=cmfy6wust00k67k385e18s0uq	E=75->85	S=680	5202ms
[2025-09-25T01:38:00.426Z] mc	pg=cmfyqqd7x000z7krsulbitsap	corr=0	q=cmfy6wx1u09le7k3841t342ey	E=100->100	S=850	4740ms
[2025-09-25T01:38:00.623Z] text	pg=cmfyqqd7v000x7krsb8z26tc8	corr=1	q=cmfy6wx1u09le7k3841t342ey	E=85->95	S=860	4941ms
[2025-09-25T01:38:00.716Z] text	pg=cmfyqqd7u000v7krsdn8znph0	corr=0	q=cmfy6wx1u09le7k3841t342ey	E=85->90	S=680	5020ms
[2025-09-25T01:38:18.052Z] text	pg=cmfyqqd7v000x7krsb8z26tc8	corr=1	q=cmfy6ww9g06jf7k386dffvttk	E=95->100	S=1050	4332ms
[2025-09-25T01:38:18.596Z] text	pg=cmfyqqd7u000v7krsdn8znph0	corr=0	q=cmfy6ww9g06jf7k386dffvttk	E=90->95	S=680	4876ms
[2025-09-25T01:38:18.721Z] text	pg=cmfyqqd7x000z7krsulbitsap	corr=1	q=cmfy6ww9g06jf7k386dffvttk	E=100->100	S=1050	5002ms
[2025-09-25T01:38:36.420Z] text	pg=cmfyqqd7x000z7krsulbitsap	corr=1	q=cmfy6wwwt092l7k3845jeblcy	E=100->100	S=1250	4667ms
[2025-09-25T01:38:36.727Z] mc	pg=cmfyqqd7v000x7krsb8z26tc8	corr=1	q=cmfy6wwwt092l7k3845jeblcy	E=100->100	S=1150	4982ms
[2025-09-25T01:38:36.728Z] mc	pg=cmfyqqd7u000v7krsdn8znph0	corr=1	q=cmfy6wwwt092l7k3845jeblcy	E=95->100	S=780	4982ms
[2025-09-25T01:38:54.612Z] text	pg=cmfyqqd7v000x7krsb8z26tc8	corr=1	q=cmfy6wvec030d7k38a6dfe5af	E=100->100	S=1350	4824ms
[2025-09-25T01:38:54.979Z] text	pg=cmfyqqd7x000z7krsulbitsap	corr=0	q=cmfy6wvec030d7k38a6dfe5af	E=100->100	S=1250	5203ms
[2025-09-25T01:38:55.066Z] mc	pg=cmfyqqd7u000v7krsdn8znph0	corr=1	q=cmfy6wvec030d7k38a6dfe5af	E=100->100	S=880	5297ms
[2025-09-25T01:39:12.072Z] text	pg=cmfyqqd7v000x7krsb8z26tc8	corr=0	q=cmfy6wv0301e57k38jlva69oi	E=100->100	S=1350	4263ms
[2025-09-25T01:39:12.719Z] text	pg=cmfyqqd7x000z7krsulbitsap	corr=1	q=cmfy6wv0301e57k38jlva69oi	E=100->100	S=1450	4919ms
[2025-09-25T01:39:12.800Z] mc	pg=cmfyqqd7u000v7krsdn8znph0	corr=1	q=cmfy6wv0301e57k38jlva69oi	E=100->100	S=980	4998ms
[2025-09-25T01:39:37.158Z] text	pg=cmfyqwbcr004c7krsk0db6xfy	corr=0	q=cmfy6wx4p09x07k387ezs0b9r	E=10->15	S=0	4261ms
[2025-09-25T01:39:37.887Z] mc	pg=cmfyqwbcs004e7krsamohschb	corr=1	q=cmfy6wx4p09x07k387ezs0b9r	E=10->20	S=100	4991ms
[2025-09-25T01:39:38.017Z] mc	pg=cmfyqwbcr004a7krsw2f9hnw4	corr=1	q=cmfy6wx4p09x07k387ezs0b9r	E=10->20	S=100	5117ms
[2025-09-25T01:39:55.324Z] text	pg=cmfyqwbcr004a7krsw2f9hnw4	corr=0	q=cmfy6wwho07gp7k38hb6v2ivs	E=20->25	S=100	4391ms
[2025-09-25T01:39:55.568Z] text	pg=cmfyqwbcr004c7krsk0db6xfy	corr=1	q=cmfy6wwho07gp7k38hb6v2ivs	E=15->25	S=110	4642ms
[2025-09-25T01:39:56.495Z] text	pg=cmfyqwbcs004e7krsamohschb	corr=1	q=cmfy6wwho07gp7k38hb6v2ivs	E=20->30	S=220	5546ms

=== BOT LOG START 2025-09-25T01:40:03.524Z ===

=== BOT LOG START 2025-09-25T01:40:10.786Z ===
[2025-09-25T01:40:25.465Z] attach  pgId="cmfyqxdep000t7k5w74kujf0l" name="KiraFR" reason="created-ephemeral-client"
[2025-09-25T01:40:25.475Z] text	pg=cmfyqxdep000t7k5w74kujf0l	corr=1	q=cmfy6wwa706mb7k38x75kb9n1	E=10->20	S=110	3174ms
[2025-09-25T01:40:26.242Z] attach  pgId="cmfyqxdem000p7k5wxvczlchn" name="MaxouTurbo" reason="created-ephemeral-client"
[2025-09-25T01:40:26.252Z] mc	pg=cmfyqxdem000p7k5wxvczlchn	corr=0	q=cmfy6wwa706mb7k38x75kb9n1	E=10->15	S=0	3951ms
[2025-09-25T01:40:26.523Z] attach  pgId="cmfyqxdeh000h7k5wodzt5zxf" name="Pixelman" reason="created-ephemeral-client"
[2025-09-25T01:40:26.530Z] text	pg=cmfyqxdeh000h7k5wodzt5zxf	corr=1	q=cmfy6wwa706mb7k38x75kb9n1	E=10->20	S=110	4232ms
[2025-09-25T01:40:27.316Z] attach  pgId="cmfyqxdeg000f7k5wbhxb6aek" name="Clara_Bdx" reason="created-ephemeral-client"
[2025-09-25T01:40:27.323Z] mc	pg=cmfyqxdeg000f7k5wbhxb6aek	corr=0	q=cmfy6wwa706mb7k38x75kb9n1	E=10->15	S=0	5025ms
[2025-09-25T01:40:27.442Z] attach  pgId="cmfyqxdei000j7k5wvhbuzuec" name="Emma_92" reason="created-ephemeral-client"
[2025-09-25T01:40:27.471Z] mc	pg=cmfyqxdei000j7k5wvhbuzuec	corr=0	q=cmfy6wwa706mb7k38x75kb9n1	E=10->15	S=0	5152ms
[2025-09-25T01:40:27.814Z] attach  pgId="cmfyqxdes000x7k5wccies6mn" name="CanardCoinCoin" reason="created-ephemeral-client"
[2025-09-25T01:40:27.826Z] mc	pg=cmfyqxdes000x7k5wccies6mn	corr=1	q=cmfy6wwa706mb7k38x75kb9n1	E=10->20	S=100	5523ms
[2025-09-25T01:40:28.293Z] attach  pgId="cmfyqxdej000l7k5wjz7a5wem" name="CroissantBeurre" reason="created-ephemeral-client"
[2025-09-25T01:40:28.308Z] text	pg=cmfyqxdej000l7k5wjz7a5wem	corr=0	q=cmfy6wwa706mb7k38x75kb9n1	E=10->15	S=0	6003ms
[2025-09-25T01:40:28.356Z] attach  pgId="cmfyqxdeq000v7k5wky9b4lf1" name="Biscotte" reason="created-ephemeral-client"
[2025-09-25T01:40:28.378Z] text	pg=cmfyqxdeq000v7k5wky9b4lf1	corr=0	q=cmfy6wwa706mb7k38x75kb9n1	E=10->15	S=0	6065ms
[2025-09-25T01:40:28.716Z] attach  pgId="cmfyqxdeo000r7k5wda4qww7d" name="Lea_Rose" reason="created-ephemeral-client"
[2025-09-25T01:40:28.739Z] mc	pg=cmfyqxdeo000r7k5wda4qww7d	corr=1	q=cmfy6wwa706mb7k38x75kb9n1	E=10->20	S=100	6425ms
[2025-09-25T01:40:29.607Z] attach  pgId="cmfyqxdel000n7k5wn2sea4ug" name="HugoZen" reason="created-ephemeral-client"
[2025-09-25T01:40:29.616Z] text	pg=cmfyqxdel000n7k5wn2sea4ug	corr=1	q=cmfy6wwa706mb7k38x75kb9n1	E=10->20	S=110	7317ms
[2025-09-25T01:40:43.743Z] text	pg=cmfyqxdep000t7k5w74kujf0l	corr=1	q=cmfy6wwho07gp7k38hb6v2ivs	E=20->30	S=230	3394ms
[2025-09-25T01:40:44.634Z] mc	pg=cmfyqxdeh000h7k5wodzt5zxf	corr=1	q=cmfy6wwho07gp7k38hb6v2ivs	E=20->30	S=210	4296ms
[2025-09-25T01:40:44.797Z] mc	pg=cmfyqxdei000j7k5wvhbuzuec	corr=1	q=cmfy6wwho07gp7k38hb6v2ivs	E=15->25	S=100	4467ms
[2025-09-25T01:40:44.810Z] text	pg=cmfyqxdem000p7k5wxvczlchn	corr=0	q=cmfy6wwho07gp7k38hb6v2ivs	E=15->20	S=0	4483ms
[2025-09-25T01:40:45.901Z] text	pg=cmfyqxdeg000f7k5wbhxb6aek	corr=1	q=cmfy6wwho07gp7k38hb6v2ivs	E=15->25	S=110	5560ms
[2025-09-25T01:40:46.030Z] mc	pg=cmfyqxdeq000v7k5wky9b4lf1	corr=1	q=cmfy6wwho07gp7k38hb6v2ivs	E=15->25	S=100	5699ms
[2025-09-25T01:40:46.203Z] text	pg=cmfyqxdeo000r7k5wda4qww7d	corr=1	q=cmfy6wwho07gp7k38hb6v2ivs	E=20->30	S=220	5873ms
[2025-09-25T01:40:46.283Z] mc	pg=cmfyqxdes000x7k5wccies6mn	corr=1	q=cmfy6wwho07gp7k38hb6v2ivs	E=20->30	S=200	5951ms
[2025-09-25T01:40:46.707Z] mc	pg=cmfyqxdel000n7k5wn2sea4ug	corr=1	q=cmfy6wwho07gp7k38hb6v2ivs	E=20->30	S=210	6356ms
[2025-09-25T01:40:47.196Z] mc	pg=cmfyqxdej000l7k5wjz7a5wem	corr=1	q=cmfy6wwho07gp7k38hb6v2ivs	E=15->25	S=100	6870ms
[2025-09-25T01:41:01.789Z] text	pg=cmfyqxdep000t7k5w74kujf0l	corr=1	q=cmfy6wwg407a17k38cdm0ylq1	E=30->40	S=360	3428ms
[2025-09-25T01:41:02.682Z] text	pg=cmfyqxdem000p7k5wxvczlchn	corr=0	q=cmfy6wwg407a17k38cdm0ylq1	E=20->25	S=0	4318ms
[2025-09-25T01:41:02.813Z] mc	pg=cmfyqxdei000j7k5wvhbuzuec	corr=1	q=cmfy6wwg407a17k38cdm0ylq1	E=25->35	S=200	4442ms
[2025-09-25T01:41:03.022Z] text	pg=cmfyqxdeh000h7k5wodzt5zxf	corr=1	q=cmfy6wwg407a17k38cdm0ylq1	E=30->40	S=340	4661ms
[2025-09-25T01:41:03.629Z] text	pg=cmfyqxdeg000f7k5wbhxb6aek	corr=0	q=cmfy6wwg407a17k38cdm0ylq1	E=25->30	S=110	5267ms
[2025-09-25T01:41:03.886Z] mc	pg=cmfyqxdes000x7k5wccies6mn	corr=0	q=cmfy6wwg407a17k38cdm0ylq1	E=30->35	S=200	5515ms
[2025-09-25T01:41:04.394Z] mc	pg=cmfyqxdeo000r7k5wda4qww7d	corr=0	q=cmfy6wwg407a17k38cdm0ylq1	E=30->35	S=220	6027ms
[2025-09-25T01:41:04.420Z] text	pg=cmfyqxdeq000v7k5wky9b4lf1	corr=0	q=cmfy6wwg407a17k38cdm0ylq1	E=25->30	S=100	6058ms
[2025-09-25T01:41:05.042Z] text	pg=cmfyqxdej000l7k5wjz7a5wem	corr=0	q=cmfy6wwg407a17k38cdm0ylq1	E=25->30	S=100	6667ms
[2025-09-25T01:41:05.049Z] mc	pg=cmfyqxdel000n7k5wn2sea4ug	corr=1	q=cmfy6wwg407a17k38cdm0ylq1	E=30->40	S=310	6682ms
[2025-09-25T01:41:19.895Z] text	pg=cmfyqxdep000t7k5w74kujf0l	corr=1	q=cmfy6wwfv078w7k38j5ygkyjs	E=40->50	S=500	3494ms
[2025-09-25T01:41:20.611Z] text	pg=cmfyqxdeh000h7k5wodzt5zxf	corr=0	q=cmfy6wwfv078w7k38j5ygkyjs	E=40->45	S=340	4213ms
[2025-09-25T01:41:20.721Z] mc	pg=cmfyqxdei000j7k5wvhbuzuec	corr=0	q=cmfy6wwfv078w7k38j5ygkyjs	E=35->40	S=200	4323ms
[2025-09-25T01:41:20.881Z] text	pg=cmfyqxdem000p7k5wxvczlchn	corr=0	q=cmfy6wwfv078w7k38j5ygkyjs	E=25->30	S=0	4480ms
[2025-09-25T01:41:21.605Z] text	pg=cmfyqxdeg000f7k5wbhxb6aek	corr=0	q=cmfy6wwfv078w7k38j5ygkyjs	E=30->35	S=110	5197ms
[2025-09-25T01:41:22.115Z] text	pg=cmfyqxdes000x7k5wccies6mn	corr=0	q=cmfy6wwfv078w7k38j5ygkyjs	E=35->40	S=200	5712ms
[2025-09-25T01:41:22.466Z] text	pg=cmfyqxdeq000v7k5wky9b4lf1	corr=1	q=cmfy6wwfv078w7k38j5ygkyjs	E=30->40	S=230	6057ms
[2025-09-25T01:41:22.612Z] text	pg=cmfyqxdeo000r7k5wda4qww7d	corr=0	q=cmfy6wwfv078w7k38j5ygkyjs	E=35->40	S=220	6212ms
[2025-09-25T01:41:22.735Z] mc	pg=cmfyqxdej000l7k5wjz7a5wem	corr=0	q=cmfy6wwfv078w7k38j5ygkyjs	E=30->35	S=100	6335ms
[2025-09-25T01:41:23.585Z] text	pg=cmfyqxdel000n7k5wn2sea4ug	corr=1	q=cmfy6wwfv078w7k38j5ygkyjs	E=40->50	S=450	7187ms
[2025-09-25T01:41:37.528Z] text	pg=cmfyqxdep000t7k5w74kujf0l	corr=1	q=cmfy6wwmx081w7k388flg6ypb	E=50->60	S=650	3107ms
[2025-09-25T01:41:38.392Z] mc	pg=cmfyqxdem000p7k5wxvczlchn	corr=0	q=cmfy6wwmx081w7k388flg6ypb	E=30->35	S=0	3967ms
[2025-09-25T01:41:39.478Z] mc	pg=cmfyqxdeh000h7k5wodzt5zxf	corr=0	q=cmfy6wwmx081w7k388flg6ypb	E=45->50	S=340	5048ms
[2025-09-25T01:41:39.661Z] mc	pg=cmfyqxdei000j7k5wvhbuzuec	corr=1	q=cmfy6wwmx081w7k388flg6ypb	E=40->50	S=300	5236ms
[2025-09-25T01:41:40.031Z] text	pg=cmfyqxdeg000f7k5wbhxb6aek	corr=0	q=cmfy6wwmx081w7k388flg6ypb	E=35->40	S=110	5592ms
[2025-09-25T01:41:40.154Z] text	pg=cmfyqxdes000x7k5wccies6mn	corr=1	q=cmfy6wwmx081w7k388flg6ypb	E=40->50	S=340	5732ms
[2025-09-25T01:41:40.496Z] mc	pg=cmfyqxdeo000r7k5wda4qww7d	corr=1	q=cmfy6wwmx081w7k388flg6ypb	E=40->50	S=320	6057ms
[2025-09-25T01:41:40.603Z] text	pg=cmfyqxdeq000v7k5wky9b4lf1	corr=0	q=cmfy6wwmx081w7k388flg6ypb	E=40->45	S=230	6181ms
[2025-09-25T01:41:41.041Z] mc	pg=cmfyqxdej000l7k5wjz7a5wem	corr=1	q=cmfy6wwmx081w7k388flg6ypb	E=35->45	S=200	6618ms
[2025-09-25T01:41:41.045Z] text	pg=cmfyqxdel000n7k5wn2sea4ug	corr=0	q=cmfy6wwmx081w7k388flg6ypb	E=50->55	S=450	6626ms
[2025-09-25T01:41:55.953Z] mc	pg=cmfyqxdep000t7k5w74kujf0l	corr=1	q=cmfy6wuvo00vz7k389plxz55g	E=60->70	S=750	3476ms
[2025-09-25T01:41:56.539Z] mc	pg=cmfyqxdem000p7k5wxvczlchn	corr=1	q=cmfy6wuvo00vz7k389plxz55g	E=35->45	S=100	4083ms
[2025-09-25T01:41:56.762Z] text	pg=cmfyqxdeh000h7k5wodzt5zxf	corr=0	q=cmfy6wuvo00vz7k389plxz55g	E=50->55	S=340	4302ms
[2025-09-25T01:41:57.058Z] mc	pg=cmfyqxdei000j7k5wvhbuzuec	corr=1	q=cmfy6wuvo00vz7k389plxz55g	E=50->60	S=400	4585ms
[2025-09-25T01:41:57.716Z] mc	pg=cmfyqxdeg000f7k5wbhxb6aek	corr=0	q=cmfy6wuvo00vz7k389plxz55g	E=40->45	S=110	5255ms
[2025-09-25T01:41:58.147Z] mc	pg=cmfyqxdes000x7k5wccies6mn	corr=0	q=cmfy6wuvo00vz7k389plxz55g	E=50->55	S=340	5679ms
[2025-09-25T01:41:58.436Z] text	pg=cmfyqxdej000l7k5wjz7a5wem	corr=0	q=cmfy6wuvo00vz7k389plxz55g	E=45->50	S=200	5975ms
[2025-09-25T01:41:58.551Z] mc	pg=cmfyqxdeq000v7k5wky9b4lf1	corr=1	q=cmfy6wuvo00vz7k389plxz55g	E=45->55	S=330	6085ms
[2025-09-25T01:41:59.158Z] mc	pg=cmfyqxdeo000r7k5wda4qww7d	corr=0	q=cmfy6wuvo00vz7k389plxz55g	E=50->55	S=320	6691ms
[2025-09-25T01:41:59.365Z] text	pg=cmfyqxdel000n7k5wn2sea4ug	corr=0	q=cmfy6wuvo00vz7k389plxz55g	E=55->60	S=450	6909ms
[2025-09-25T01:42:13.825Z] text	pg=cmfyqxdep000t7k5w74kujf0l	corr=1	q=cmfy6wvqe04cz7k38s8u47jgd	E=70->80	S=920	3323ms
[2025-09-25T01:42:14.902Z] text	pg=cmfyqxdeh000h7k5wodzt5zxf	corr=1	q=cmfy6wvqe04cz7k38s8u47jgd	E=55->65	S=490	4400ms
[2025-09-25T01:42:14.902Z] text	pg=cmfyqxdem000p7k5wxvczlchn	corr=1	q=cmfy6wvqe04cz7k38s8u47jgd	E=45->55	S=240	4400ms
[2025-09-25T01:42:15.331Z] text	pg=cmfyqxdei000j7k5wvhbuzuec	corr=0	q=cmfy6wvqe04cz7k38s8u47jgd	E=60->65	S=400	4823ms
[2025-09-25T01:42:16.111Z] mc	pg=cmfyqxdeg000f7k5wbhxb6aek	corr=0	q=cmfy6wvqe04cz7k38s8u47jgd	E=45->50	S=110	5585ms
[2025-09-25T01:42:16.260Z] text	pg=cmfyqxdes000x7k5wccies6mn	corr=1	q=cmfy6wvqe04cz7k38s8u47jgd	E=55->65	S=490	5757ms
[2025-09-25T01:42:16.564Z] text	pg=cmfyqxdeq000v7k5wky9b4lf1	corr=1	q=cmfy6wvqe04cz7k38s8u47jgd	E=55->65	S=480	6053ms
[2025-09-25T01:42:16.914Z] mc	pg=cmfyqxdel000n7k5wn2sea4ug	corr=0	q=cmfy6wvqe04cz7k38s8u47jgd	E=60->65	S=450	6412ms
[2025-09-25T01:42:17.114Z] text	pg=cmfyqxdeo000r7k5wda4qww7d	corr=1	q=cmfy6wvqe04cz7k38s8u47jgd	E=55->65	S=470	6614ms
[2025-09-25T01:42:17.429Z] text	pg=cmfyqxdej000l7k5wjz7a5wem	corr=1	q=cmfy6wvqe04cz7k38s8u47jgd	E=50->60	S=350	6925ms
[2025-09-25T01:42:31.989Z] text	pg=cmfyqxdep000t7k5w74kujf0l	corr=1	q=cmfy6wuur00s47k38duxacfh8	E=80->90	S=1100	3441ms
[2025-09-25T01:42:32.830Z] mc	pg=cmfyqxdem000p7k5wxvczlchn	corr=0	q=cmfy6wuur00s47k38duxacfh8	E=55->60	S=240	4287ms
[2025-09-25T01:42:33.459Z] text	pg=cmfyqxdeg000f7k5wbhxb6aek	corr=1	q=cmfy6wuur00s47k38duxacfh8	E=50->60	S=260	4909ms
[2025-09-25T01:42:33.517Z] text	pg=cmfyqxdeh000h7k5wodzt5zxf	corr=0	q=cmfy6wuur00s47k38duxacfh8	E=65->70	S=490	4970ms
[2025-09-25T01:42:33.759Z] text	pg=cmfyqxdei000j7k5wvhbuzuec	corr=1	q=cmfy6wuur00s47k38duxacfh8	E=65->75	S=560	5220ms
[2025-09-25T01:42:33.853Z] mc	pg=cmfyqxdes000x7k5wccies6mn	corr=1	q=cmfy6wuur00s47k38duxacfh8	E=65->75	S=590	5313ms
[2025-09-25T01:42:34.476Z] mc	pg=cmfyqxdeo000r7k5wda4qww7d	corr=1	q=cmfy6wuur00s47k38duxacfh8	E=65->75	S=570	5935ms
[2025-09-25T01:42:35.116Z] mc	pg=cmfyqxdeq000v7k5wky9b4lf1	corr=1	q=cmfy6wuur00s47k38duxacfh8	E=65->75	S=580	6575ms
[2025-09-25T01:42:35.121Z] mc	pg=cmfyqxdej000l7k5wjz7a5wem	corr=0	q=cmfy6wuur00s47k38duxacfh8	E=60->65	S=350	6584ms
[2025-09-25T01:42:35.171Z] text	pg=cmfyqxdel000n7k5wn2sea4ug	corr=1	q=cmfy6wuur00s47k38duxacfh8	E=65->75	S=610	6636ms
[2025-09-25T01:42:49.696Z] mc	pg=cmfyqxdep000t7k5w74kujf0l	corr=1	q=cmfy6wwe5072d7k38ta2480sj	E=90->100	S=1200	3122ms
[2025-09-25T01:42:51.052Z] mc	pg=cmfyqxdem000p7k5wxvczlchn	corr=1	q=cmfy6wwe5072d7k38ta2480sj	E=60->70	S=340	4481ms
[2025-09-25T01:42:51.422Z] mc	pg=cmfyqxdeh000h7k5wodzt5zxf	corr=1	q=cmfy6wwe5072d7k38ta2480sj	E=70->80	S=590	4855ms
[2025-09-25T01:42:51.516Z] text	pg=cmfyqxdeg000f7k5wbhxb6aek	corr=1	q=cmfy6wwe5072d7k38ta2480sj	E=60->70	S=420	4934ms
[2025-09-25T01:42:51.689Z] text	pg=cmfyqxdei000j7k5wvhbuzuec	corr=0	q=cmfy6wwe5072d7k38ta2480sj	E=75->80	S=560	5121ms
[2025-09-25T01:42:51.906Z] text	pg=cmfyqxdes000x7k5wccies6mn	corr=1	q=cmfy6wwe5072d7k38ta2480sj	E=75->85	S=760	5338ms
[2025-09-25T01:42:52.219Z] text	pg=cmfyqxdeo000r7k5wda4qww7d	corr=0	q=cmfy6wwe5072d7k38ta2480sj	E=75->80	S=570	5650ms
[2025-09-25T01:42:52.394Z] mc	pg=cmfyqxdeq000v7k5wky9b4lf1	corr=0	q=cmfy6wwe5072d7k38ta2480sj	E=75->80	S=580	5823ms
[2025-09-25T01:42:52.886Z] mc	pg=cmfyqxdel000n7k5wn2sea4ug	corr=0	q=cmfy6wwe5072d7k38ta2480sj	E=75->80	S=610	6308ms
[2025-09-25T01:42:53.252Z] text	pg=cmfyqxdej000l7k5wjz7a5wem	corr=1	q=cmfy6wwe5072d7k38ta2480sj	E=65->75	S=510	6683ms
[2025-09-25T01:43:07.747Z] text	pg=cmfyqxdep000t7k5w74kujf0l	corr=0	q=cmfy6wwok088k7k38tf09ns40	E=100->100	S=1200	3148ms
[2025-09-25T01:43:08.898Z] text	pg=cmfyqxdeh000h7k5wodzt5zxf	corr=1	q=cmfy6wwok088k7k38tf09ns40	E=80->90	S=770	4304ms
[2025-09-25T01:43:08.912Z] text	pg=cmfyqxdem000p7k5wxvczlchn	corr=0	q=cmfy6wwok088k7k38tf09ns40	E=70->75	S=340	4319ms
[2025-09-25T01:43:09.651Z] text	pg=cmfyqxdeg000f7k5wbhxb6aek	corr=0	q=cmfy6wwok088k7k38tf09ns40	E=70->75	S=420	5034ms
[2025-09-25T01:43:09.706Z] text	pg=cmfyqxdei000j7k5wvhbuzuec	corr=0	q=cmfy6wwok088k7k38tf09ns40	E=80->85	S=560	5113ms
[2025-09-25T01:43:09.877Z] mc	pg=cmfyqxdes000x7k5wccies6mn	corr=0	q=cmfy6wwok088k7k38tf09ns40	E=85->90	S=760	5283ms
[2025-09-25T01:43:10.222Z] mc	pg=cmfyqxdeo000r7k5wda4qww7d	corr=0	q=cmfy6wwok088k7k38tf09ns40	E=80->85	S=570	5626ms
[2025-09-25T01:43:10.743Z] text	pg=cmfyqxdel000n7k5wn2sea4ug	corr=1	q=cmfy6wwok088k7k38tf09ns40	E=80->90	S=790	6142ms
[2025-09-25T01:43:11.357Z] text	pg=cmfyqxdeq000v7k5wky9b4lf1	corr=1	q=cmfy6wwok088k7k38tf09ns40	E=80->90	S=760	6752ms
[2025-09-25T01:43:11.357Z] mc	pg=cmfyqxdej000l7k5wjz7a5wem	corr=1	q=cmfy6wwok088k7k38tf09ns40	E=75->85	S=610	6753ms
[2025-09-25T01:43:26.027Z] mc	pg=cmfyqxdep000t7k5w74kujf0l	corr=1	q=cmfy6wwke07rt7k38kn80dpaw	E=100->100	S=1300	3400ms
[2025-09-25T01:43:27.012Z] text	pg=cmfyqxdem000p7k5wxvczlchn	corr=1	q=cmfy6wwke07rt7k38kn80dpaw	E=75->85	S=510	4390ms
[2025-09-25T01:43:27.232Z] text	pg=cmfyqxdei000j7k5wvhbuzuec	corr=1	q=cmfy6wwke07rt7k38kn80dpaw	E=85->95	S=740	4609ms
[2025-09-25T01:43:27.277Z] mc	pg=cmfyqxdeh000h7k5wodzt5zxf	corr=0	q=cmfy6wwke07rt7k38kn80dpaw	E=90->95	S=770	4657ms
[2025-09-25T01:43:27.702Z] text	pg=cmfyqxdeg000f7k5wbhxb6aek	corr=1	q=cmfy6wwke07rt7k38kn80dpaw	E=75->85	S=590	5080ms
[2025-09-25T01:43:28.080Z] text	pg=cmfyqxdes000x7k5wccies6mn	corr=0	q=cmfy6wwke07rt7k38kn80dpaw	E=90->95	S=760	5455ms
[2025-09-25T01:43:28.497Z] mc	pg=cmfyqxdeo000r7k5wda4qww7d	corr=1	q=cmfy6wwke07rt7k38kn80dpaw	E=85->95	S=670	5859ms
[2025-09-25T01:43:29.012Z] text	pg=cmfyqxdeq000v7k5wky9b4lf1	corr=0	q=cmfy6wwke07rt7k38kn80dpaw	E=90->95	S=760	6391ms
[2025-09-25T01:43:29.271Z] text	pg=cmfyqxdej000l7k5wjz7a5wem	corr=1	q=cmfy6wwke07rt7k38kn80dpaw	E=85->95	S=790	6639ms
[2025-09-25T01:43:29.627Z] text	pg=cmfyqxdel000n7k5wn2sea4ug	corr=0	q=cmfy6wwke07rt7k38kn80dpaw	E=90->95	S=790	6998ms
[2025-09-25T01:43:43.847Z] text	pg=cmfyqxdep000t7k5w74kujf0l	corr=1	q=cmfy6wwr308i97k38nlb2ysfb	E=100->100	S=1500	3185ms
[2025-09-25T01:43:44.811Z] mc	pg=cmfyqxdeh000h7k5wodzt5zxf	corr=0	q=cmfy6wwr308i97k38nlb2ysfb	E=95->100	S=770	4166ms
[2025-09-25T01:43:45.077Z] mc	pg=cmfyqxdem000p7k5wxvczlchn	corr=1	q=cmfy6wwr308i97k38nlb2ysfb	E=85->95	S=610	4432ms
[2025-09-25T01:43:45.583Z] text	pg=cmfyqxdei000j7k5wvhbuzuec	corr=1	q=cmfy6wwr308i97k38nlb2ysfb	E=95->100	S=930	4931ms
[2025-09-25T01:43:45.906Z] mc	pg=cmfyqxdeg000f7k5wbhxb6aek	corr=0	q=cmfy6wwr308i97k38nlb2ysfb	E=85->90	S=590	5259ms
[2025-09-25T01:43:45.984Z] text	pg=cmfyqxdes000x7k5wccies6mn	corr=0	q=cmfy6wwr308i97k38nlb2ysfb	E=95->100	S=760	5337ms
[2025-09-25T01:43:46.663Z] mc	pg=cmfyqxdeq000v7k5wky9b4lf1	corr=1	q=cmfy6wwr308i97k38nlb2ysfb	E=95->100	S=860	6007ms
[2025-09-25T01:43:46.933Z] mc	pg=cmfyqxdel000n7k5wn2sea4ug	corr=0	q=cmfy6wwr308i97k38nlb2ysfb	E=95->100	S=790	6288ms
[2025-09-25T01:43:47.419Z] mc	pg=cmfyqxdeo000r7k5wda4qww7d	corr=1	q=cmfy6wwr308i97k38nlb2ysfb	E=95->100	S=770	6773ms
[2025-09-25T01:43:47.583Z] text	pg=cmfyqxdej000l7k5wjz7a5wem	corr=0	q=cmfy6wwr308i97k38nlb2ysfb	E=95->100	S=790	6929ms
[2025-09-25T01:44:01.834Z] text	pg=cmfyqxdep000t7k5w74kujf0l	corr=1	q=cmfy6wvai02ko7k38xr15kltn	E=100->100	S=1700	3137ms
[2025-09-25T01:44:02.873Z] text	pg=cmfyqxdem000p7k5wxvczlchn	corr=1	q=cmfy6wvai02ko7k38xr15kltn	E=95->100	S=800	4167ms
[2025-09-25T01:44:03.324Z] text	pg=cmfyqxdei000j7k5wvhbuzuec	corr=0	q=cmfy6wvai02ko7k38xr15kltn	E=100->100	S=930	4635ms
[2025-09-25T01:44:03.504Z] text	pg=cmfyqxdeh000h7k5wodzt5zxf	corr=0	q=cmfy6wvai02ko7k38xr15kltn	E=100->100	S=770	4806ms
[2025-09-25T01:44:03.851Z] mc	pg=cmfyqxdeg000f7k5wbhxb6aek	corr=0	q=cmfy6wvai02ko7k38xr15kltn	E=90->95	S=590	5149ms
[2025-09-25T01:44:03.976Z] text	pg=cmfyqxdes000x7k5wccies6mn	corr=0	q=cmfy6wvai02ko7k38xr15kltn	E=100->100	S=760	5274ms
[2025-09-25T01:44:04.306Z] mc	pg=cmfyqxdeo000r7k5wda4qww7d	corr=0	q=cmfy6wvai02ko7k38xr15kltn	E=100->100	S=770	5613ms
[2025-09-25T01:44:04.791Z] text	pg=cmfyqxdeq000v7k5wky9b4lf1	corr=1	q=cmfy6wvai02ko7k38xr15kltn	E=100->100	S=1060	6097ms
[2025-09-25T01:44:05.066Z] text	pg=cmfyqxdej000l7k5wjz7a5wem	corr=0	q=cmfy6wvai02ko7k38xr15kltn	E=100->100	S=790	6377ms
[2025-09-25T01:44:05.502Z] text	pg=cmfyqxdel000n7k5wn2sea4ug	corr=0	q=cmfy6wvai02ko7k38xr15kltn	E=100->100	S=790	6813ms
[2025-09-25T01:44:19.819Z] mc	pg=cmfyqxdep000t7k5w74kujf0l	corr=0	q=cmfy6wv0g01fj7k38neer3wnj	E=100->100	S=1700	3095ms
[2025-09-25T01:44:20.814Z] mc	pg=cmfyqxdem000p7k5wxvczlchn	corr=1	q=cmfy6wv0g01fj7k38neer3wnj	E=100->100	S=900	4091ms
[2025-09-25T01:44:21.214Z] text	pg=cmfyqxdeh000h7k5wodzt5zxf	corr=0	q=cmfy6wv0g01fj7k38neer3wnj	E=100->100	S=770	4490ms
[2025-09-25T01:44:21.412Z] mc	pg=cmfyqxdei000j7k5wvhbuzuec	corr=0	q=cmfy6wv0g01fj7k38neer3wnj	E=100->100	S=930	4690ms
[2025-09-25T01:44:21.845Z] mc	pg=cmfyqxdeg000f7k5wbhxb6aek	corr=1	q=cmfy6wv0g01fj7k38neer3wnj	E=95->100	S=690	5122ms
[2025-09-25T01:44:22.370Z] mc	pg=cmfyqxdes000x7k5wccies6mn	corr=0	q=cmfy6wv0g01fj7k38neer3wnj	E=100->100	S=760	5647ms
[2025-09-25T01:44:22.718Z] mc	pg=cmfyqxdeo000r7k5wda4qww7d	corr=1	q=cmfy6wv0g01fj7k38neer3wnj	E=100->100	S=870	5995ms
[2025-09-25T01:44:23.024Z] text	pg=cmfyqxdeq000v7k5wky9b4lf1	corr=0	q=cmfy6wv0g01fj7k38neer3wnj	E=100->100	S=1060	6300ms
[2025-09-25T01:44:23.579Z] mc	pg=cmfyqxdel000n7k5wn2sea4ug	corr=0	q=cmfy6wv0g01fj7k38neer3wnj	E=100->100	S=790	6855ms
[2025-09-25T01:44:23.701Z] mc	pg=cmfyqxdej000l7k5wjz7a5wem	corr=0	q=cmfy6wv0g01fj7k38neer3wnj	E=100->100	S=790	6977ms
[2025-09-25T01:44:38.342Z] text	pg=cmfyqxdep000t7k5w74kujf0l	corr=1	q=cmfy6wv6m024m7k38y7mijtsk	E=100->100	S=1900	3595ms
[2025-09-25T01:44:38.928Z] mc	pg=cmfyqxdem000p7k5wxvczlchn	corr=0	q=cmfy6wv6m024m7k38y7mijtsk	E=100->100	S=900	4182ms
[2025-09-25T01:44:39.550Z] text	pg=cmfyqxdeh000h7k5wodzt5zxf	corr=1	q=cmfy6wv6m024m7k38y7mijtsk	E=100->100	S=970	4808ms
[2025-09-25T01:44:39.903Z] mc	pg=cmfyqxdei000j7k5wvhbuzuec	corr=1	q=cmfy6wv6m024m7k38y7mijtsk	E=100->100	S=1030	5160ms
[2025-09-25T01:44:40.147Z] text	pg=cmfyqxdeg000f7k5wbhxb6aek	corr=0	q=cmfy6wv6m024m7k38y7mijtsk	E=100->100	S=690	5405ms
[2025-09-25T01:44:40.378Z] mc	pg=cmfyqxdes000x7k5wccies6mn	corr=0	q=cmfy6wv6m024m7k38y7mijtsk	E=100->100	S=760	5636ms
[2025-09-25T01:44:41.230Z] mc	pg=cmfyqxdeq000v7k5wky9b4lf1	corr=0	q=cmfy6wv6m024m7k38y7mijtsk	E=100->100	S=1060	6486ms
[2025-09-25T01:44:41.344Z] mc	pg=cmfyqxdej000l7k5wjz7a5wem	corr=1	q=cmfy6wv6m024m7k38y7mijtsk	E=100->100	S=890	6596ms
[2025-09-25T01:44:41.493Z] text	pg=cmfyqxdeo000r7k5wda4qww7d	corr=0	q=cmfy6wv6m024m7k38y7mijtsk	E=100->100	S=870	6751ms
[2025-09-25T01:44:41.540Z] text	pg=cmfyqxdel000n7k5wn2sea4ug	corr=1	q=cmfy6wv6m024m7k38y7mijtsk	E=100->100	S=990	6798ms
